2020-10-04 18:21:23.474  INFO 12544 --- [main] i.a.p.PrenotaMensaApplication            : Starting PrenotaMensaApplication on alessior with PID 12544 (H:\Programmazione\prenotaMensa\prenotaMensa\target\classes started by Alessio in H:\Programmazione\prenotaMensa\prenotaMensa)
2020-10-04 18:21:23.498  INFO 12544 --- [main] i.a.p.PrenotaMensaApplication            : No active profile set, falling back to default profiles: default
2020-10-04 18:21:24.994  INFO 12544 --- [main] .s.d.r.c.RepositoryConfigurationDelegate : Bootstrapping Spring Data JPA repositories in DEFERRED mode.
2020-10-04 18:21:25.089  INFO 12544 --- [main] .s.d.r.c.RepositoryConfigurationDelegate : Finished Spring Data repository scanning in 83ms. Found 1 JPA repository interfaces.
2020-10-04 18:21:25.510  INFO 12544 --- [main] trationDelegate$BeanPostProcessorChecker : Bean 'org.springframework.security.access.expression.method.DefaultMethodSecurityExpressionHandler@4f6b687e' of type [org.springframework.security.access.expression.method.DefaultMethodSecurityExpressionHandler] is not eligible for getting processed by all BeanPostProcessors (for example: not eligible for auto-proxying)
2020-10-04 18:21:25.517  INFO 12544 --- [main] trationDelegate$BeanPostProcessorChecker : Bean 'methodSecurityMetadataSource' of type [org.springframework.security.access.method.DelegatingMethodSecurityMetadataSource] is not eligible for getting processed by all BeanPostProcessors (for example: not eligible for auto-proxying)
2020-10-04 18:21:25.890  INFO 12544 --- [main] o.s.b.w.embedded.tomcat.TomcatWebServer  : Tomcat initialized with port(s): 8090 (http)
2020-10-04 18:21:25.927  INFO 12544 --- [main] o.apache.catalina.core.StandardService   : Starting service [Tomcat]
2020-10-04 18:21:25.927  INFO 12544 --- [main] org.apache.catalina.core.StandardEngine  : Starting Servlet engine: [Apache Tomcat/9.0.36]
2020-10-04 18:21:26.227  INFO 12544 --- [main] o.a.c.c.C.[Tomcat].[localhost].[/]       : Initializing Spring embedded WebApplicationContext
2020-10-04 18:21:26.228  INFO 12544 --- [main] w.s.c.ServletWebServerApplicationContext : Root WebApplicationContext: initialization completed in 2616 ms
2020-10-04 18:21:26.327  WARN 12544 --- [main] JpaBaseConfiguration$JpaWebConfiguration : spring.jpa.open-in-view is enabled by default. Therefore, database queries may be performed during view rendering. Explicitly configure spring.jpa.open-in-view to disable this warning
2020-10-04 18:21:26.659  INFO 12544 --- [main] o.s.s.concurrent.ThreadPoolTaskExecutor  : Initializing ExecutorService 'applicationTaskExecutor'
2020-10-04 18:21:26.706  INFO 12544 --- [main] com.zaxxer.hikari.HikariDataSource       : HikariPool-1 - Starting...
2020-10-04 18:21:27.080  INFO 12544 --- [main] com.zaxxer.hikari.HikariDataSource       : HikariPool-1 - Start completed.
2020-10-04 18:21:27.170  INFO 12544 --- [task-1] o.hibernate.jpa.internal.util.LogHelper  : HHH000204: Processing PersistenceUnitInfo [name: default]
2020-10-04 18:21:27.445  INFO 12544 --- [task-1] org.hibernate.Version                    : HHH000412: Hibernate ORM core version 5.4.17.Final
2020-10-04 18:21:27.862  INFO 12544 --- [task-1] o.hibernate.annotations.common.Version   : HCANN000001: Hibernate Commons Annotations {5.1.0.Final}
2020-10-04 18:21:27.966  INFO 12544 --- [main] o.s.s.web.DefaultSecurityFilterChain     : Creating filter chain: Ant [pattern='/api/auth/**', POST], []
2020-10-04 18:21:27.967  INFO 12544 --- [main] o.s.s.web.DefaultSecurityFilterChain     : Creating filter chain: Ant [pattern='/**', OPTIONS], []
2020-10-04 18:21:27.967  INFO 12544 --- [main] o.s.s.web.DefaultSecurityFilterChain     : Creating filter chain: Ant [pattern='/', GET], []
2020-10-04 18:21:28.107  INFO 12544 --- [task-1] org.hibernate.dialect.Dialect            : HHH000400: Using dialect: org.hibernate.dialect.MySQL8Dialect
2020-10-04 18:21:28.394  INFO 12544 --- [main] o.s.s.web.DefaultSecurityFilterChain     : Creating filter chain: any request, [org.springframework.security.web.context.request.async.WebAsyncManagerIntegrationFilter@3111631d, org.springframework.security.web.context.SecurityContextPersistenceFilter@3820cfe, org.springframework.security.web.header.HeaderWriterFilter@586cc15d, org.springframework.web.filter.CorsFilter@2d70f312, org.springframework.security.web.authentication.logout.LogoutFilter@1785d194, it.alessiorossato.prenotaMensa.security.jwt.AuthTokenFilter@10177794, org.springframework.security.web.savedrequest.RequestCacheAwareFilter@2407a36c, org.springframework.security.web.servletapi.SecurityContextHolderAwareRequestFilter@10d18696, org.springframework.security.web.authentication.AnonymousAuthenticationFilter@4c7d7430, org.springframework.security.web.session.SessionManagementFilter@26da1ba2, org.springframework.security.web.access.ExceptionTranslationFilter@4f3356c0, org.springframework.security.web.access.intercept.FilterSecurityInterceptor@2f15a964]
2020-10-04 18:21:28.781  INFO 12544 --- [main] o.s.b.w.embedded.tomcat.TomcatWebServer  : Tomcat started on port(s): 8090 (http) with context path ''
2020-10-04 18:21:28.783  INFO 12544 --- [main] DeferredRepositoryInitializationListener : Triggering deferred initialization of Spring Data repositories…
2020-10-04 18:21:29.273  INFO 12544 --- [task-1] o.h.e.t.j.p.i.JtaPlatformInitiator       : HHH000490: Using JtaPlatform implementation: [org.hibernate.engine.transaction.jta.platform.internal.NoJtaPlatform]
2020-10-04 18:21:29.282  INFO 12544 --- [task-1] j.LocalContainerEntityManagerFactoryBean : Initialized JPA EntityManagerFactory for persistence unit 'default'
2020-10-04 18:21:29.646  INFO 12544 --- [main] DeferredRepositoryInitializationListener : Spring Data repositories initialized!
2020-10-04 18:21:29.659  INFO 12544 --- [main] i.a.p.PrenotaMensaApplication            : Started PrenotaMensaApplication in 7.15 seconds (JVM running for 8.507)
2020-10-04 18:21:48.168  INFO 12544 --- [http-nio-8090-exec-1] o.a.c.c.C.[Tomcat].[localhost].[/]       : Initializing Spring DispatcherServlet 'dispatcherServlet'
2020-10-04 18:21:48.168  INFO 12544 --- [http-nio-8090-exec-1] o.s.web.servlet.DispatcherServlet        : Initializing Servlet 'dispatcherServlet'
2020-10-04 18:21:48.177  INFO 12544 --- [http-nio-8090-exec-1] o.s.web.servlet.DispatcherServlet        : Completed initialization in 9 ms
2020-10-04 18:21:48.189  WARN 12544 --- [http-nio-8090-exec-1] i.a.p.security.jwt.AuthTokenFilter       : Token: null
2020-10-04 18:21:48.190  WARN 12544 --- [http-nio-8090-exec-1] i.a.p.security.jwt.AuthTokenFilter       : TOKEN NON VALIDO
2020-10-04 18:21:48.225  WARN 12544 --- [http-nio-8090-exec-2] i.a.p.security.jwt.AuthTokenFilter       : Token: Bearer eyJhbGciOiJIUzUxMiJ9.eyJzdWIiOiJhZG1pbiIsImV4cCI6MTYwMTkxMjEyNywiaWF0IjoxNjAxODI1NzI3LCJhdXRob3JpdGllcyI6WyJST0xFX0FETUlOIiwiUk9MRV9VU0VSIl19.zce4dMeYG75BjOg1aRWYU8KvUXlDqwmJYhk0DEeRrO_WgDdJGljq_LykVWgYE5vfI7M6aHlHZD1N-E2P6sUUdw
2020-10-04 18:21:48.314 ERROR 12544 --- [http-nio-8090-exec-2] o.a.c.c.C.[.[.[/].[dispatcherServlet]    : Servlet.service() for servlet [dispatcherServlet] in context with path [] threw exception

io.jsonwebtoken.SignatureException: JWT signature does not match locally computed signature. JWT validity cannot be asserted and should not be trusted.
	at io.jsonwebtoken.impl.DefaultJwtParser.parse(DefaultJwtParser.java:354) ~[jjwt-0.9.1.jar:0.9.1]
	at io.jsonwebtoken.impl.DefaultJwtParser.parse(DefaultJwtParser.java:481) ~[jjwt-0.9.1.jar:0.9.1]
	at io.jsonwebtoken.impl.DefaultJwtParser.parseClaimsJws(DefaultJwtParser.java:541) ~[jjwt-0.9.1.jar:0.9.1]
	at it.alessiorossato.prenotaMensa.security.jwt.JwtUtils.getAllClaimsFromToken(JwtUtils.java:54) ~[classes/:na]
	at it.alessiorossato.prenotaMensa.security.jwt.JwtUtils.getClaimFromToken(JwtUtils.java:48) ~[classes/:na]
	at it.alessiorossato.prenotaMensa.security.jwt.JwtUtils.getUsernameFromToken(JwtUtils.java:33) ~[classes/:na]
	at it.alessiorossato.prenotaMensa.security.jwt.AuthTokenFilter.doFilterInternal(AuthTokenFilter.java:85) ~[classes/:na]
	at org.springframework.web.filter.OncePerRequestFilter.doFilter(OncePerRequestFilter.java:119) ~[spring-web-5.2.7.RELEASE.jar:5.2.7.RELEASE]
	at org.springframework.security.web.FilterChainProxy$VirtualFilterChain.doFilter(FilterChainProxy.java:334) ~[spring-security-web-5.3.3.RELEASE.jar:5.3.3.RELEASE]
	at org.springframework.security.web.authentication.logout.LogoutFilter.doFilter(LogoutFilter.java:116) ~[spring-security-web-5.3.3.RELEASE.jar:5.3.3.RELEASE]
	at org.springframework.security.web.FilterChainProxy$VirtualFilterChain.doFilter(FilterChainProxy.java:334) ~[spring-security-web-5.3.3.RELEASE.jar:5.3.3.RELEASE]
	at org.springframework.web.filter.CorsFilter.doFilterInternal(CorsFilter.java:92) ~[spring-web-5.2.7.RELEASE.jar:5.2.7.RELEASE]
	at org.springframework.web.filter.OncePerRequestFilter.doFilter(OncePerRequestFilter.java:119) ~[spring-web-5.2.7.RELEASE.jar:5.2.7.RELEASE]
	at org.springframework.security.web.FilterChainProxy$VirtualFilterChain.doFilter(FilterChainProxy.java:334) ~[spring-security-web-5.3.3.RELEASE.jar:5.3.3.RELEASE]
	at org.springframework.security.web.header.HeaderWriterFilter.doHeadersAfter(HeaderWriterFilter.java:92) ~[spring-security-web-5.3.3.RELEASE.jar:5.3.3.RELEASE]
	at org.springframework.security.web.header.HeaderWriterFilter.doFilterInternal(HeaderWriterFilter.java:77) ~[spring-security-web-5.3.3.RELEASE.jar:5.3.3.RELEASE]
	at org.springframework.web.filter.OncePerRequestFilter.doFilter(OncePerRequestFilter.java:119) ~[spring-web-5.2.7.RELEASE.jar:5.2.7.RELEASE]
	at org.springframework.security.web.FilterChainProxy$VirtualFilterChain.doFilter(FilterChainProxy.java:334) ~[spring-security-web-5.3.3.RELEASE.jar:5.3.3.RELEASE]
	at org.springframework.security.web.context.SecurityContextPersistenceFilter.doFilter(SecurityContextPersistenceFilter.java:105) ~[spring-security-web-5.3.3.RELEASE.jar:5.3.3.RELEASE]
	at org.springframework.security.web.FilterChainProxy$VirtualFilterChain.doFilter(FilterChainProxy.java:334) ~[spring-security-web-5.3.3.RELEASE.jar:5.3.3.RELEASE]
	at org.springframework.security.web.context.request.async.WebAsyncManagerIntegrationFilter.doFilterInternal(WebAsyncManagerIntegrationFilter.java:56) ~[spring-security-web-5.3.3.RELEASE.jar:5.3.3.RELEASE]
	at org.springframework.web.filter.OncePerRequestFilter.doFilter(OncePerRequestFilter.java:119) ~[spring-web-5.2.7.RELEASE.jar:5.2.7.RELEASE]
	at org.springframework.security.web.FilterChainProxy$VirtualFilterChain.doFilter(FilterChainProxy.java:334) ~[spring-security-web-5.3.3.RELEASE.jar:5.3.3.RELEASE]
	at org.springframework.security.web.FilterChainProxy.doFilterInternal(FilterChainProxy.java:215) ~[spring-security-web-5.3.3.RELEASE.jar:5.3.3.RELEASE]
	at org.springframework.security.web.FilterChainProxy.doFilter(FilterChainProxy.java:178) ~[spring-security-web-5.3.3.RELEASE.jar:5.3.3.RELEASE]
	at org.springframework.web.filter.DelegatingFilterProxy.invokeDelegate(DelegatingFilterProxy.java:358) ~[spring-web-5.2.7.RELEASE.jar:5.2.7.RELEASE]
	at org.springframework.web.filter.DelegatingFilterProxy.doFilter(DelegatingFilterProxy.java:271) ~[spring-web-5.2.7.RELEASE.jar:5.2.7.RELEASE]
	at org.apache.catalina.core.ApplicationFilterChain.internalDoFilter(ApplicationFilterChain.java:193) ~[tomcat-embed-core-9.0.36.jar:9.0.36]
	at org.apache.catalina.core.ApplicationFilterChain.doFilter(ApplicationFilterChain.java:166) ~[tomcat-embed-core-9.0.36.jar:9.0.36]
	at org.springframework.web.filter.RequestContextFilter.doFilterInternal(RequestContextFilter.java:100) ~[spring-web-5.2.7.RELEASE.jar:5.2.7.RELEASE]
	at org.springframework.web.filter.OncePerRequestFilter.doFilter(OncePerRequestFilter.java:119) ~[spring-web-5.2.7.RELEASE.jar:5.2.7.RELEASE]
	at org.apache.catalina.core.ApplicationFilterChain.internalDoFilter(ApplicationFilterChain.java:193) ~[tomcat-embed-core-9.0.36.jar:9.0.36]
	at org.apache.catalina.core.ApplicationFilterChain.doFilter(ApplicationFilterChain.java:166) ~[tomcat-embed-core-9.0.36.jar:9.0.36]
	at org.springframework.web.filter.FormContentFilter.doFilterInternal(FormContentFilter.java:93) ~[spring-web-5.2.7.RELEASE.jar:5.2.7.RELEASE]
	at org.springframework.web.filter.OncePerRequestFilter.doFilter(OncePerRequestFilter.java:119) ~[spring-web-5.2.7.RELEASE.jar:5.2.7.RELEASE]
	at org.apache.catalina.core.ApplicationFilterChain.internalDoFilter(ApplicationFilterChain.java:193) ~[tomcat-embed-core-9.0.36.jar:9.0.36]
	at org.apache.catalina.core.ApplicationFilterChain.doFilter(ApplicationFilterChain.java:166) ~[tomcat-embed-core-9.0.36.jar:9.0.36]
	at org.springframework.web.filter.CharacterEncodingFilter.doFilterInternal(CharacterEncodingFilter.java:201) ~[spring-web-5.2.7.RELEASE.jar:5.2.7.RELEASE]
	at org.springframework.web.filter.OncePerRequestFilter.doFilter(OncePerRequestFilter.java:119) ~[spring-web-5.2.7.RELEASE.jar:5.2.7.RELEASE]
	at org.apache.catalina.core.ApplicationFilterChain.internalDoFilter(ApplicationFilterChain.java:193) ~[tomcat-embed-core-9.0.36.jar:9.0.36]
	at org.apache.catalina.core.ApplicationFilterChain.doFilter(ApplicationFilterChain.java:166) ~[tomcat-embed-core-9.0.36.jar:9.0.36]
	at org.apache.catalina.core.StandardWrapperValve.invoke(StandardWrapperValve.java:202) ~[tomcat-embed-core-9.0.36.jar:9.0.36]
	at org.apache.catalina.core.StandardContextValve.invoke(StandardContextValve.java:96) ~[tomcat-embed-core-9.0.36.jar:9.0.36]
	at org.apache.catalina.authenticator.AuthenticatorBase.invoke(AuthenticatorBase.java:541) ~[tomcat-embed-core-9.0.36.jar:9.0.36]
	at org.apache.catalina.core.StandardHostValve.invoke(StandardHostValve.java:139) ~[tomcat-embed-core-9.0.36.jar:9.0.36]
	at org.apache.catalina.valves.ErrorReportValve.invoke(ErrorReportValve.java:92) ~[tomcat-embed-core-9.0.36.jar:9.0.36]
	at org.apache.catalina.core.StandardEngineValve.invoke(StandardEngineValve.java:74) ~[tomcat-embed-core-9.0.36.jar:9.0.36]
	at org.apache.catalina.connector.CoyoteAdapter.service(CoyoteAdapter.java:343) ~[tomcat-embed-core-9.0.36.jar:9.0.36]
	at org.apache.coyote.http11.Http11Processor.service(Http11Processor.java:373) ~[tomcat-embed-core-9.0.36.jar:9.0.36]
	at org.apache.coyote.AbstractProcessorLight.process(AbstractProcessorLight.java:65) ~[tomcat-embed-core-9.0.36.jar:9.0.36]
	at org.apache.coyote.AbstractProtocol$ConnectionHandler.process(AbstractProtocol.java:868) ~[tomcat-embed-core-9.0.36.jar:9.0.36]
	at org.apache.tomcat.util.net.NioEndpoint$SocketProcessor.doRun(NioEndpoint.java:1590) ~[tomcat-embed-core-9.0.36.jar:9.0.36]
	at org.apache.tomcat.util.net.SocketProcessorBase.run(SocketProcessorBase.java:49) ~[tomcat-embed-core-9.0.36.jar:9.0.36]
	at java.base/java.util.concurrent.ThreadPoolExecutor.runWorker(ThreadPoolExecutor.java:1130) ~[na:na]
	at java.base/java.util.concurrent.ThreadPoolExecutor$Worker.run(ThreadPoolExecutor.java:630) ~[na:na]
	at org.apache.tomcat.util.threads.TaskThread$WrappingRunnable.run(TaskThread.java:61) ~[tomcat-embed-core-9.0.36.jar:9.0.36]
	at java.base/java.lang.Thread.run(Thread.java:832) ~[na:na]

2020-10-04 18:21:52.482  WARN 12544 --- [http-nio-8090-exec-4] i.a.p.security.jwt.AuthTokenFilter       : Token: null
2020-10-04 18:21:52.483  WARN 12544 --- [http-nio-8090-exec-4] i.a.p.security.jwt.AuthTokenFilter       : TOKEN NON VALIDO
2020-10-04 18:21:52.487  WARN 12544 --- [http-nio-8090-exec-6] i.a.p.security.jwt.AuthTokenFilter       : Token: null
2020-10-04 18:21:52.487  WARN 12544 --- [http-nio-8090-exec-6] i.a.p.security.jwt.AuthTokenFilter       : TOKEN NON VALIDO
2020-10-04 18:21:52.547  INFO 12544 --- [http-nio-8090-exec-6] i.a.p.controller.AuthController          :  ******  Autenticazione e Generazione Token   ******admin
2020-10-04 18:21:52.549  INFO 12544 --- [http-nio-8090-exec-6] i.a.p.controller.AuthController          :  request.getRemoteAddr() 127.0.0.1
2020-10-04 18:21:52.549  INFO 12544 --- [http-nio-8090-exec-6] i.a.p.controller.AuthController          :  request.getServerName() 127.0.0.1
2020-10-04 18:21:52.549  INFO 12544 --- [http-nio-8090-exec-6] i.a.p.controller.AuthController          :  InetAddress.getLocalHost().getHostAddress() 192.168.56.1
2020-10-04 18:21:52.549  INFO 12544 --- [http-nio-8090-exec-6] i.a.p.controller.AuthController          :  InetAddress.getLocalHost().getHostName() alessior
2020-10-04 18:21:52.824 DEBUG 12544 --- [http-nio-8090-exec-6] org.hibernate.SQL                        : 
    select
        utente0_.token_utente as token_ut1_4_,
        utente0_.cognome as cognome2_4_,
        utente0_.enable as enable3_4_,
        utente0_.nome as nome4_4_,
        utente0_.password as password5_4_,
        utente0_.token_ruolo as token_ru7_4_,
        utente0_.username as username6_4_ 
    from
        utente utente0_ 
    where
        utente0_.username=?
2020-10-04 18:21:52.831 TRACE 12544 --- [http-nio-8090-exec-6] o.h.type.descriptor.sql.BasicBinder      : binding parameter [1] as [VARCHAR] - [admin]
2020-10-04 18:21:52.861 DEBUG 12544 --- [http-nio-8090-exec-6] org.hibernate.SQL                        : 
    select
        ruolo0_.token_ruolo as token_ru1_3_0_,
        ruolo0_.nome as nome2_3_0_ 
    from
        ruolo ruolo0_ 
    where
        ruolo0_.token_ruolo=?
2020-10-04 18:21:52.861 TRACE 12544 --- [http-nio-8090-exec-6] o.h.type.descriptor.sql.BasicBinder      : binding parameter [1] as [INTEGER] - [1]
2020-10-04 18:21:53.005 DEBUG 12544 --- [http-nio-8090-exec-6] org.hibernate.SQL                        : 
    select
        utente0_.token_utente as token_ut1_4_,
        utente0_.cognome as cognome2_4_,
        utente0_.enable as enable3_4_,
        utente0_.nome as nome4_4_,
        utente0_.password as password5_4_,
        utente0_.token_ruolo as token_ru7_4_,
        utente0_.username as username6_4_ 
    from
        utente utente0_ 
    where
        utente0_.username=?
2020-10-04 18:21:53.006 TRACE 12544 --- [http-nio-8090-exec-6] o.h.type.descriptor.sql.BasicBinder      : binding parameter [1] as [VARCHAR] - [admin]
2020-10-04 18:21:53.033  WARN 12544 --- [http-nio-8090-exec-6] i.a.p.controller.AuthController          :  Token eyJhbGciOiJIUzUxMiJ9.eyJzdWIiOiJhZG1pbiIsImV4cCI6MTYwMTkxNDkxMywiaWF0IjoxNjAxODI4NTEzLCJhdXRob3JpdGllcyI6WyJST0xFX0FETUlOIl19.U9wJmKdL7dUT5o77dL_3WE8KZ0pFWRTYgf8fKg1soMDrx-5WW9zLCoQ5JSyEakDi2bmbZnoIRfzFSFiv9aTyuw
2020-10-04 18:21:53.040 DEBUG 12544 --- [http-nio-8090-exec-6] org.hibernate.SQL                        : 
    select
        utente0_.token_utente as token_ut1_4_,
        utente0_.cognome as cognome2_4_,
        utente0_.enable as enable3_4_,
        utente0_.nome as nome4_4_,
        utente0_.password as password5_4_,
        utente0_.token_ruolo as token_ru7_4_,
        utente0_.username as username6_4_ 
    from
        utente utente0_ 
    where
        utente0_.username=?
2020-10-04 18:21:53.041 TRACE 12544 --- [http-nio-8090-exec-6] o.h.type.descriptor.sql.BasicBinder      : binding parameter [1] as [VARCHAR] - [admin]
2020-10-04 18:21:54.038  WARN 12544 --- [http-nio-8090-exec-7] i.a.p.security.jwt.AuthTokenFilter       : Token: Bearer eyJhbGciOiJIUzUxMiJ9.eyJzdWIiOiJhZG1pbiIsImV4cCI6MTYwMTkxNDkxMywiaWF0IjoxNjAxODI4NTEzLCJhdXRob3JpdGllcyI6WyJST0xFX0FETUlOIl19.U9wJmKdL7dUT5o77dL_3WE8KZ0pFWRTYgf8fKg1soMDrx-5WW9zLCoQ5JSyEakDi2bmbZnoIRfzFSFiv9aTyuw
2020-10-04 18:21:54.043 DEBUG 12544 --- [http-nio-8090-exec-7] org.hibernate.SQL                        : 
    select
        utente0_.token_utente as token_ut1_4_,
        utente0_.cognome as cognome2_4_,
        utente0_.enable as enable3_4_,
        utente0_.nome as nome4_4_,
        utente0_.password as password5_4_,
        utente0_.token_ruolo as token_ru7_4_,
        utente0_.username as username6_4_ 
    from
        utente utente0_ 
    where
        utente0_.username=?
2020-10-04 18:21:54.043 TRACE 12544 --- [http-nio-8090-exec-7] o.h.type.descriptor.sql.BasicBinder      : binding parameter [1] as [VARCHAR] - [admin]
2020-10-04 18:21:54.045 DEBUG 12544 --- [http-nio-8090-exec-7] org.hibernate.SQL                        : 
    select
        ruolo0_.token_ruolo as token_ru1_3_0_,
        ruolo0_.nome as nome2_3_0_ 
    from
        ruolo ruolo0_ 
    where
        ruolo0_.token_ruolo=?
2020-10-04 18:21:54.045 TRACE 12544 --- [http-nio-8090-exec-7] o.h.type.descriptor.sql.BasicBinder      : binding parameter [1] as [INTEGER] - [1]
2020-10-04 18:21:54.059  INFO 12544 --- [http-nio-8090-exec-7] i.a.p.controller.GiornoController        : Utente:admin -->  Richiesta giorni prenotabili
2020-10-04 18:21:54.071 DEBUG 12544 --- [http-nio-8090-exec-7] org.hibernate.SQL                        : 
    select
        giorno0_.token_giorno as token_gi1_0_,
        giorno0_.data as data2_0_ 
    from
        giorno giorno0_ 
    where
        giorno0_.data>=?
2020-10-04 18:21:54.072 TRACE 12544 --- [http-nio-8090-exec-7] o.h.type.descriptor.sql.BasicBinder      : binding parameter [1] as [DATE] - [2020-10-03]
2020-10-04 18:21:54.082  INFO 12544 --- [http-nio-8090-exec-7] i.a.p.controller.GiornoController        : Utente:admin -->  Ho recuperato i giorni disponibli []
2020-10-04 18:22:02.432  WARN 12544 --- [http-nio-8090-exec-8] i.a.p.security.jwt.AuthTokenFilter       : Token: null
2020-10-04 18:22:02.432  WARN 12544 --- [http-nio-8090-exec-8] i.a.p.security.jwt.AuthTokenFilter       : TOKEN NON VALIDO
2020-10-04 18:22:02.436  WARN 12544 --- [http-nio-8090-exec-9] i.a.p.security.jwt.AuthTokenFilter       : Token: null
2020-10-04 18:22:02.437  WARN 12544 --- [http-nio-8090-exec-9] i.a.p.security.jwt.AuthTokenFilter       : TOKEN NON VALIDO
2020-10-04 18:22:02.438  INFO 12544 --- [http-nio-8090-exec-9] i.a.p.controller.AuthController          :  ******  Autenticazione e Generazione Token   ******user
2020-10-04 18:22:02.439  INFO 12544 --- [http-nio-8090-exec-9] i.a.p.controller.AuthController          :  request.getRemoteAddr() 127.0.0.1
2020-10-04 18:22:02.440  INFO 12544 --- [http-nio-8090-exec-9] i.a.p.controller.AuthController          :  request.getServerName() 127.0.0.1
2020-10-04 18:22:02.440  INFO 12544 --- [http-nio-8090-exec-9] i.a.p.controller.AuthController          :  InetAddress.getLocalHost().getHostAddress() 192.168.56.1
2020-10-04 18:22:02.440  INFO 12544 --- [http-nio-8090-exec-9] i.a.p.controller.AuthController          :  InetAddress.getLocalHost().getHostName() alessior
2020-10-04 18:22:02.442 DEBUG 12544 --- [http-nio-8090-exec-9] org.hibernate.SQL                        : 
    select
        utente0_.token_utente as token_ut1_4_,
        utente0_.cognome as cognome2_4_,
        utente0_.enable as enable3_4_,
        utente0_.nome as nome4_4_,
        utente0_.password as password5_4_,
        utente0_.token_ruolo as token_ru7_4_,
        utente0_.username as username6_4_ 
    from
        utente utente0_ 
    where
        utente0_.username=?
2020-10-04 18:22:02.442 TRACE 12544 --- [http-nio-8090-exec-9] o.h.type.descriptor.sql.BasicBinder      : binding parameter [1] as [VARCHAR] - [user]
2020-10-04 18:22:02.562  WARN 12544 --- [http-nio-8090-exec-9] i.a.p.controller.AuthController          :  CREDENZIALI NON VALIDE
2020-10-04 18:22:06.130  WARN 12544 --- [http-nio-8090-exec-2] i.a.p.security.jwt.AuthTokenFilter       : Token: null
2020-10-04 18:22:06.130  WARN 12544 --- [http-nio-8090-exec-2] i.a.p.security.jwt.AuthTokenFilter       : TOKEN NON VALIDO
2020-10-04 18:22:06.133  WARN 12544 --- [http-nio-8090-exec-3] i.a.p.security.jwt.AuthTokenFilter       : Token: null
2020-10-04 18:22:06.133  WARN 12544 --- [http-nio-8090-exec-3] i.a.p.security.jwt.AuthTokenFilter       : TOKEN NON VALIDO
2020-10-04 18:22:06.135  INFO 12544 --- [http-nio-8090-exec-3] i.a.p.controller.AuthController          :  ******  Autenticazione e Generazione Token   ******utente
2020-10-04 18:22:06.135  INFO 12544 --- [http-nio-8090-exec-3] i.a.p.controller.AuthController          :  request.getRemoteAddr() 127.0.0.1
2020-10-04 18:22:06.135  INFO 12544 --- [http-nio-8090-exec-3] i.a.p.controller.AuthController          :  request.getServerName() 127.0.0.1
2020-10-04 18:22:06.135  INFO 12544 --- [http-nio-8090-exec-3] i.a.p.controller.AuthController          :  InetAddress.getLocalHost().getHostAddress() 192.168.56.1
2020-10-04 18:22:06.136  INFO 12544 --- [http-nio-8090-exec-3] i.a.p.controller.AuthController          :  InetAddress.getLocalHost().getHostName() alessior
2020-10-04 18:22:06.137 DEBUG 12544 --- [http-nio-8090-exec-3] org.hibernate.SQL                        : 
    select
        utente0_.token_utente as token_ut1_4_,
        utente0_.cognome as cognome2_4_,
        utente0_.enable as enable3_4_,
        utente0_.nome as nome4_4_,
        utente0_.password as password5_4_,
        utente0_.token_ruolo as token_ru7_4_,
        utente0_.username as username6_4_ 
    from
        utente utente0_ 
    where
        utente0_.username=?
2020-10-04 18:22:06.138 TRACE 12544 --- [http-nio-8090-exec-3] o.h.type.descriptor.sql.BasicBinder      : binding parameter [1] as [VARCHAR] - [utente]
2020-10-04 18:22:06.139 DEBUG 12544 --- [http-nio-8090-exec-3] org.hibernate.SQL                        : 
    select
        ruolo0_.token_ruolo as token_ru1_3_0_,
        ruolo0_.nome as nome2_3_0_ 
    from
        ruolo ruolo0_ 
    where
        ruolo0_.token_ruolo=?
2020-10-04 18:22:06.139 TRACE 12544 --- [http-nio-8090-exec-3] o.h.type.descriptor.sql.BasicBinder      : binding parameter [1] as [INTEGER] - [2]
2020-10-04 18:22:06.258 DEBUG 12544 --- [http-nio-8090-exec-3] org.hibernate.SQL                        : 
    select
        utente0_.token_utente as token_ut1_4_,
        utente0_.cognome as cognome2_4_,
        utente0_.enable as enable3_4_,
        utente0_.nome as nome4_4_,
        utente0_.password as password5_4_,
        utente0_.token_ruolo as token_ru7_4_,
        utente0_.username as username6_4_ 
    from
        utente utente0_ 
    where
        utente0_.username=?
2020-10-04 18:22:06.258 TRACE 12544 --- [http-nio-8090-exec-3] o.h.type.descriptor.sql.BasicBinder      : binding parameter [1] as [VARCHAR] - [utente]
2020-10-04 18:22:06.262  WARN 12544 --- [http-nio-8090-exec-3] i.a.p.controller.AuthController          :  Token eyJhbGciOiJIUzUxMiJ9.eyJzdWIiOiJ1dGVudGUiLCJleHAiOjE2MDE5MTQ5MjYsImlhdCI6MTYwMTgyODUyNiwiYXV0aG9yaXRpZXMiOlsiUk9MRV9VU0VSIl19.nBhBEwtOhk6lexIn04b1WTYndwnFOP6CuDPYzXuDUjq2UvbION05Gle5vNpRDBx9rQSiVDBYaOnU22v1IPpNVw
2020-10-04 18:22:06.262 DEBUG 12544 --- [http-nio-8090-exec-3] org.hibernate.SQL                        : 
    select
        utente0_.token_utente as token_ut1_4_,
        utente0_.cognome as cognome2_4_,
        utente0_.enable as enable3_4_,
        utente0_.nome as nome4_4_,
        utente0_.password as password5_4_,
        utente0_.token_ruolo as token_ru7_4_,
        utente0_.username as username6_4_ 
    from
        utente utente0_ 
    where
        utente0_.username=?
2020-10-04 18:22:06.263 TRACE 12544 --- [http-nio-8090-exec-3] o.h.type.descriptor.sql.BasicBinder      : binding parameter [1] as [VARCHAR] - [utente]
2020-10-04 18:22:07.611  WARN 12544 --- [http-nio-8090-exec-5] i.a.p.security.jwt.AuthTokenFilter       : Token: null
2020-10-04 18:22:07.611  WARN 12544 --- [http-nio-8090-exec-5] i.a.p.security.jwt.AuthTokenFilter       : TOKEN NON VALIDO
2020-10-04 18:22:07.616  WARN 12544 --- [http-nio-8090-exec-5] i.a.p.security.jwt.AuthTokenFilter       : Token: Bearer eyJhbGciOiJIUzUxMiJ9.eyJzdWIiOiJ1dGVudGUiLCJleHAiOjE2MDE5MTQ5MjYsImlhdCI6MTYwMTgyODUyNiwiYXV0aG9yaXRpZXMiOlsiUk9MRV9VU0VSIl19.nBhBEwtOhk6lexIn04b1WTYndwnFOP6CuDPYzXuDUjq2UvbION05Gle5vNpRDBx9rQSiVDBYaOnU22v1IPpNVw
2020-10-04 18:22:07.619 DEBUG 12544 --- [http-nio-8090-exec-5] org.hibernate.SQL                        : 
    select
        utente0_.token_utente as token_ut1_4_,
        utente0_.cognome as cognome2_4_,
        utente0_.enable as enable3_4_,
        utente0_.nome as nome4_4_,
        utente0_.password as password5_4_,
        utente0_.token_ruolo as token_ru7_4_,
        utente0_.username as username6_4_ 
    from
        utente utente0_ 
    where
        utente0_.username=?
2020-10-04 18:22:07.620 TRACE 12544 --- [http-nio-8090-exec-5] o.h.type.descriptor.sql.BasicBinder      : binding parameter [1] as [VARCHAR] - [utente]
2020-10-04 18:22:07.621 DEBUG 12544 --- [http-nio-8090-exec-5] org.hibernate.SQL                        : 
    select
        ruolo0_.token_ruolo as token_ru1_3_0_,
        ruolo0_.nome as nome2_3_0_ 
    from
        ruolo ruolo0_ 
    where
        ruolo0_.token_ruolo=?
2020-10-04 18:22:07.621 TRACE 12544 --- [http-nio-8090-exec-5] o.h.type.descriptor.sql.BasicBinder      : binding parameter [1] as [INTEGER] - [2]
2020-10-04 18:22:07.627  INFO 12544 --- [http-nio-8090-exec-5] i.a.p.controller.PrenotazioneController  : Utente:utente -->  Richiesta giorni prenotabili
2020-10-04 18:22:07.629 DEBUG 12544 --- [http-nio-8090-exec-5] org.hibernate.SQL                        : 
    select
        utente0_.token_utente as token_ut1_4_,
        utente0_.cognome as cognome2_4_,
        utente0_.enable as enable3_4_,
        utente0_.nome as nome4_4_,
        utente0_.password as password5_4_,
        utente0_.token_ruolo as token_ru7_4_,
        utente0_.username as username6_4_ 
    from
        utente utente0_ 
    where
        utente0_.username=?
2020-10-04 18:22:07.629 TRACE 12544 --- [http-nio-8090-exec-5] o.h.type.descriptor.sql.BasicBinder      : binding parameter [1] as [VARCHAR] - [utente]
2020-10-04 18:22:07.630 DEBUG 12544 --- [http-nio-8090-exec-5] org.hibernate.SQL                        : 
    select
        ruolo0_.token_ruolo as token_ru1_3_0_,
        ruolo0_.nome as nome2_3_0_ 
    from
        ruolo ruolo0_ 
    where
        ruolo0_.token_ruolo=?
2020-10-04 18:22:07.631 TRACE 12544 --- [http-nio-8090-exec-5] o.h.type.descriptor.sql.BasicBinder      : binding parameter [1] as [INTEGER] - [2]
2020-10-04 18:22:07.655 DEBUG 12544 --- [http-nio-8090-exec-5] org.hibernate.SQL                        : 
    select
        prenota1_.token_prenotazione as token_pr1_2_,
        prenota1_.menu_token_menu as menu_tok2_2_,
        prenota1_.utente_token_utente as utente_t3_2_ 
    from
        utente utente0_ 
    inner join
        prenotazione prenota1_ 
            on utente0_.token_utente=prenota1_.utente_token_utente 
    inner join
        menu menu2_ 
            on prenota1_.menu_token_menu=menu2_.token_menu 
    inner join
        giorno giorno3_ 
            on menu2_.giorno_token_giorno=giorno3_.token_giorno 
    where
        utente0_.token_utente=? 
        and giorno3_.data>?
2020-10-04 18:22:07.657 TRACE 12544 --- [http-nio-8090-exec-5] o.h.type.descriptor.sql.BasicBinder      : binding parameter [1] as [BIGINT] - [2]
2020-10-04 18:22:07.657 TRACE 12544 --- [http-nio-8090-exec-5] o.h.type.descriptor.sql.BasicBinder      : binding parameter [2] as [DATE] - [2020-09-04]
2020-10-04 18:22:07.666  INFO 12544 --- [http-nio-8090-exec-5] i.a.p.controller.PrenotazioneController  : Utente:utente -->  Ho recuperato le seguenti prenotazioni []
2020-10-04 18:22:10.751  WARN 12544 --- [http-nio-8090-exec-4] i.a.p.security.jwt.AuthTokenFilter       : Token: null
2020-10-04 18:22:10.752  WARN 12544 --- [http-nio-8090-exec-4] i.a.p.security.jwt.AuthTokenFilter       : TOKEN NON VALIDO
2020-10-04 18:22:10.756  WARN 12544 --- [http-nio-8090-exec-6] i.a.p.security.jwt.AuthTokenFilter       : Token: Bearer eyJhbGciOiJIUzUxMiJ9.eyJzdWIiOiJ1dGVudGUiLCJleHAiOjE2MDE5MTQ5MjYsImlhdCI6MTYwMTgyODUyNiwiYXV0aG9yaXRpZXMiOlsiUk9MRV9VU0VSIl19.nBhBEwtOhk6lexIn04b1WTYndwnFOP6CuDPYzXuDUjq2UvbION05Gle5vNpRDBx9rQSiVDBYaOnU22v1IPpNVw
2020-10-04 18:22:10.760 DEBUG 12544 --- [http-nio-8090-exec-6] org.hibernate.SQL                        : 
    select
        utente0_.token_utente as token_ut1_4_,
        utente0_.cognome as cognome2_4_,
        utente0_.enable as enable3_4_,
        utente0_.nome as nome4_4_,
        utente0_.password as password5_4_,
        utente0_.token_ruolo as token_ru7_4_,
        utente0_.username as username6_4_ 
    from
        utente utente0_ 
    where
        utente0_.username=?
2020-10-04 18:22:10.761 TRACE 12544 --- [http-nio-8090-exec-6] o.h.type.descriptor.sql.BasicBinder      : binding parameter [1] as [VARCHAR] - [utente]
2020-10-04 18:22:10.762 DEBUG 12544 --- [http-nio-8090-exec-6] org.hibernate.SQL                        : 
    select
        ruolo0_.token_ruolo as token_ru1_3_0_,
        ruolo0_.nome as nome2_3_0_ 
    from
        ruolo ruolo0_ 
    where
        ruolo0_.token_ruolo=?
2020-10-04 18:22:10.762 TRACE 12544 --- [http-nio-8090-exec-6] o.h.type.descriptor.sql.BasicBinder      : binding parameter [1] as [INTEGER] - [2]
2020-10-04 18:22:10.772  INFO 12544 --- [http-nio-8090-exec-6] i.a.p.controller.GiornoController        : Utente:utente -->  Richiesta giorni prenotabili
2020-10-04 18:22:10.773 DEBUG 12544 --- [http-nio-8090-exec-6] org.hibernate.SQL                        : 
    select
        utente0_.token_utente as token_ut1_4_,
        utente0_.cognome as cognome2_4_,
        utente0_.enable as enable3_4_,
        utente0_.nome as nome4_4_,
        utente0_.password as password5_4_,
        utente0_.token_ruolo as token_ru7_4_,
        utente0_.username as username6_4_ 
    from
        utente utente0_ 
    where
        utente0_.username=?
2020-10-04 18:22:10.774 TRACE 12544 --- [http-nio-8090-exec-6] o.h.type.descriptor.sql.BasicBinder      : binding parameter [1] as [VARCHAR] - [utente]
2020-10-04 18:22:10.775 DEBUG 12544 --- [http-nio-8090-exec-6] org.hibernate.SQL                        : 
    select
        ruolo0_.token_ruolo as token_ru1_3_0_,
        ruolo0_.nome as nome2_3_0_ 
    from
        ruolo ruolo0_ 
    where
        ruolo0_.token_ruolo=?
2020-10-04 18:22:10.776 TRACE 12544 --- [http-nio-8090-exec-6] o.h.type.descriptor.sql.BasicBinder      : binding parameter [1] as [INTEGER] - [2]
2020-10-04 18:22:10.781 DEBUG 12544 --- [http-nio-8090-exec-6] org.hibernate.SQL                        : 
    select
        giorno0_.token_giorno as token_gi1_0_,
        giorno0_.data as data2_0_ 
    from
        giorno giorno0_ 
    where
        giorno0_.data>?
2020-10-04 18:22:10.781 TRACE 12544 --- [http-nio-8090-exec-6] o.h.type.descriptor.sql.BasicBinder      : binding parameter [1] as [DATE] - [2020-10-04]
2020-10-04 18:22:10.784  INFO 12544 --- [http-nio-8090-exec-6] i.a.p.controller.GiornoController        : Utente:utente -->  Ho recuperato i giorni prenotabili []
2020-10-04 18:22:16.813  WARN 12544 --- [http-nio-8090-exec-7] i.a.p.security.jwt.AuthTokenFilter       : Token: null
2020-10-04 18:22:16.813  WARN 12544 --- [http-nio-8090-exec-7] i.a.p.security.jwt.AuthTokenFilter       : TOKEN NON VALIDO
2020-10-04 18:22:16.817  WARN 12544 --- [http-nio-8090-exec-8] i.a.p.security.jwt.AuthTokenFilter       : Token: null
2020-10-04 18:22:16.817  WARN 12544 --- [http-nio-8090-exec-8] i.a.p.security.jwt.AuthTokenFilter       : TOKEN NON VALIDO
2020-10-04 18:22:16.818  INFO 12544 --- [http-nio-8090-exec-8] i.a.p.controller.AuthController          :  ******  Autenticazione e Generazione Token   ******admin
2020-10-04 18:22:16.819  INFO 12544 --- [http-nio-8090-exec-8] i.a.p.controller.AuthController          :  request.getRemoteAddr() 127.0.0.1
2020-10-04 18:22:16.819  INFO 12544 --- [http-nio-8090-exec-8] i.a.p.controller.AuthController          :  request.getServerName() 127.0.0.1
2020-10-04 18:22:16.819  INFO 12544 --- [http-nio-8090-exec-8] i.a.p.controller.AuthController          :  InetAddress.getLocalHost().getHostAddress() 192.168.56.1
2020-10-04 18:22:16.820  INFO 12544 --- [http-nio-8090-exec-8] i.a.p.controller.AuthController          :  InetAddress.getLocalHost().getHostName() alessior
2020-10-04 18:22:16.822 DEBUG 12544 --- [http-nio-8090-exec-8] org.hibernate.SQL                        : 
    select
        utente0_.token_utente as token_ut1_4_,
        utente0_.cognome as cognome2_4_,
        utente0_.enable as enable3_4_,
        utente0_.nome as nome4_4_,
        utente0_.password as password5_4_,
        utente0_.token_ruolo as token_ru7_4_,
        utente0_.username as username6_4_ 
    from
        utente utente0_ 
    where
        utente0_.username=?
2020-10-04 18:22:16.822 TRACE 12544 --- [http-nio-8090-exec-8] o.h.type.descriptor.sql.BasicBinder      : binding parameter [1] as [VARCHAR] - [admin]
2020-10-04 18:22:16.823 DEBUG 12544 --- [http-nio-8090-exec-8] org.hibernate.SQL                        : 
    select
        ruolo0_.token_ruolo as token_ru1_3_0_,
        ruolo0_.nome as nome2_3_0_ 
    from
        ruolo ruolo0_ 
    where
        ruolo0_.token_ruolo=?
2020-10-04 18:22:16.824 TRACE 12544 --- [http-nio-8090-exec-8] o.h.type.descriptor.sql.BasicBinder      : binding parameter [1] as [INTEGER] - [1]
2020-10-04 18:22:16.943 DEBUG 12544 --- [http-nio-8090-exec-8] org.hibernate.SQL                        : 
    select
        utente0_.token_utente as token_ut1_4_,
        utente0_.cognome as cognome2_4_,
        utente0_.enable as enable3_4_,
        utente0_.nome as nome4_4_,
        utente0_.password as password5_4_,
        utente0_.token_ruolo as token_ru7_4_,
        utente0_.username as username6_4_ 
    from
        utente utente0_ 
    where
        utente0_.username=?
2020-10-04 18:22:16.944 TRACE 12544 --- [http-nio-8090-exec-8] o.h.type.descriptor.sql.BasicBinder      : binding parameter [1] as [VARCHAR] - [admin]
2020-10-04 18:22:16.947  WARN 12544 --- [http-nio-8090-exec-8] i.a.p.controller.AuthController          :  Token eyJhbGciOiJIUzUxMiJ9.eyJzdWIiOiJhZG1pbiIsImV4cCI6MTYwMTkxNDkzNiwiaWF0IjoxNjAxODI4NTM2LCJhdXRob3JpdGllcyI6WyJST0xFX0FETUlOIl19.le29dnW1lM3C9JNqx-0xUtdT0u--oOrR6lsCMzuWSBm3pVg0G6tfsfDofVOZ9QmhyHcUXLu4TETb9g7f8O_5LQ
2020-10-04 18:22:16.947 DEBUG 12544 --- [http-nio-8090-exec-8] org.hibernate.SQL                        : 
    select
        utente0_.token_utente as token_ut1_4_,
        utente0_.cognome as cognome2_4_,
        utente0_.enable as enable3_4_,
        utente0_.nome as nome4_4_,
        utente0_.password as password5_4_,
        utente0_.token_ruolo as token_ru7_4_,
        utente0_.username as username6_4_ 
    from
        utente utente0_ 
    where
        utente0_.username=?
2020-10-04 18:22:16.948 TRACE 12544 --- [http-nio-8090-exec-8] o.h.type.descriptor.sql.BasicBinder      : binding parameter [1] as [VARCHAR] - [admin]
2020-10-04 18:22:28.412  WARN 12544 --- [http-nio-8090-exec-9] i.a.p.security.jwt.AuthTokenFilter       : Token: null
2020-10-04 18:22:28.413  WARN 12544 --- [http-nio-8090-exec-9] i.a.p.security.jwt.AuthTokenFilter       : TOKEN NON VALIDO
2020-10-04 18:22:28.417  WARN 12544 --- [http-nio-8090-exec-10] i.a.p.security.jwt.AuthTokenFilter       : Token: Bearer eyJhbGciOiJIUzUxMiJ9.eyJzdWIiOiJhZG1pbiIsImV4cCI6MTYwMTkxNDkzNiwiaWF0IjoxNjAxODI4NTM2LCJhdXRob3JpdGllcyI6WyJST0xFX0FETUlOIl19.le29dnW1lM3C9JNqx-0xUtdT0u--oOrR6lsCMzuWSBm3pVg0G6tfsfDofVOZ9QmhyHcUXLu4TETb9g7f8O_5LQ
2020-10-04 18:22:28.421 DEBUG 12544 --- [http-nio-8090-exec-10] org.hibernate.SQL                        : 
    select
        utente0_.token_utente as token_ut1_4_,
        utente0_.cognome as cognome2_4_,
        utente0_.enable as enable3_4_,
        utente0_.nome as nome4_4_,
        utente0_.password as password5_4_,
        utente0_.token_ruolo as token_ru7_4_,
        utente0_.username as username6_4_ 
    from
        utente utente0_ 
    where
        utente0_.username=?
2020-10-04 18:22:28.421 TRACE 12544 --- [http-nio-8090-exec-10] o.h.type.descriptor.sql.BasicBinder      : binding parameter [1] as [VARCHAR] - [admin]
2020-10-04 18:22:28.423 DEBUG 12544 --- [http-nio-8090-exec-10] org.hibernate.SQL                        : 
    select
        ruolo0_.token_ruolo as token_ru1_3_0_,
        ruolo0_.nome as nome2_3_0_ 
    from
        ruolo ruolo0_ 
    where
        ruolo0_.token_ruolo=?
2020-10-04 18:22:28.423 TRACE 12544 --- [http-nio-8090-exec-10] o.h.type.descriptor.sql.BasicBinder      : binding parameter [1] as [INTEGER] - [1]
2020-10-04 18:22:28.458  INFO 12544 --- [http-nio-8090-exec-10] i.a.p.controller.GiornoController        : Utente:admin -->  ****** Aggiorno/inserisco un giorno Giorno{tokenGiorno=null, data=2020-10-06, listaMenu=[Menu{tokenMenu=null, nome='fffff', pasto='fffff', contorno='ffffff', extra='ffffff', note='fffdfdfd', giorno=null, prenota=[]}], prenotato=false}  ******* 
2020-10-04 18:22:28.465 DEBUG 12544 --- [http-nio-8090-exec-10] org.hibernate.SQL                        : 
    insert 
    into
        giorno
        (data) 
    values
        (?)
2020-10-04 18:22:28.465 TRACE 12544 --- [http-nio-8090-exec-10] o.h.type.descriptor.sql.BasicBinder      : binding parameter [1] as [DATE] - [2020-10-06]
2020-10-04 18:22:28.480 DEBUG 12544 --- [http-nio-8090-exec-10] org.hibernate.SQL                        : 
    insert 
    into
        menu
        (contorno, extra, giorno_token_giorno, numero, note, pasto) 
    values
        (?, ?, ?, ?, ?, ?)
2020-10-04 18:22:28.481 TRACE 12544 --- [http-nio-8090-exec-10] o.h.type.descriptor.sql.BasicBinder      : binding parameter [1] as [VARCHAR] - [ffffff]
2020-10-04 18:22:28.481 TRACE 12544 --- [http-nio-8090-exec-10] o.h.type.descriptor.sql.BasicBinder      : binding parameter [2] as [VARCHAR] - [ffffff]
2020-10-04 18:22:28.481 TRACE 12544 --- [http-nio-8090-exec-10] o.h.type.descriptor.sql.BasicBinder      : binding parameter [3] as [INTEGER] - [24]
2020-10-04 18:22:28.481 TRACE 12544 --- [http-nio-8090-exec-10] o.h.type.descriptor.sql.BasicBinder      : binding parameter [4] as [VARCHAR] - [fffff]
2020-10-04 18:22:28.481 TRACE 12544 --- [http-nio-8090-exec-10] o.h.type.descriptor.sql.BasicBinder      : binding parameter [5] as [VARCHAR] - [fffdfdfd]
2020-10-04 18:22:28.482 TRACE 12544 --- [http-nio-8090-exec-10] o.h.type.descriptor.sql.BasicBinder      : binding parameter [6] as [VARCHAR] - [fffff]
2020-10-04 18:22:28.495  INFO 12544 --- [http-nio-8090-exec-10] i.a.p.controller.GiornoController        : Utente:admin -->  Ho aggiornato/inserito il giorno
2020-10-04 18:22:31.081  WARN 12544 --- [http-nio-8090-exec-1] i.a.p.security.jwt.AuthTokenFilter       : Token: Bearer eyJhbGciOiJIUzUxMiJ9.eyJzdWIiOiJhZG1pbiIsImV4cCI6MTYwMTkxNDkzNiwiaWF0IjoxNjAxODI4NTM2LCJhdXRob3JpdGllcyI6WyJST0xFX0FETUlOIl19.le29dnW1lM3C9JNqx-0xUtdT0u--oOrR6lsCMzuWSBm3pVg0G6tfsfDofVOZ9QmhyHcUXLu4TETb9g7f8O_5LQ
2020-10-04 18:22:31.084 DEBUG 12544 --- [http-nio-8090-exec-1] org.hibernate.SQL                        : 
    select
        utente0_.token_utente as token_ut1_4_,
        utente0_.cognome as cognome2_4_,
        utente0_.enable as enable3_4_,
        utente0_.nome as nome4_4_,
        utente0_.password as password5_4_,
        utente0_.token_ruolo as token_ru7_4_,
        utente0_.username as username6_4_ 
    from
        utente utente0_ 
    where
        utente0_.username=?
2020-10-04 18:22:31.085 TRACE 12544 --- [http-nio-8090-exec-1] o.h.type.descriptor.sql.BasicBinder      : binding parameter [1] as [VARCHAR] - [admin]
2020-10-04 18:22:31.086 DEBUG 12544 --- [http-nio-8090-exec-1] org.hibernate.SQL                        : 
    select
        ruolo0_.token_ruolo as token_ru1_3_0_,
        ruolo0_.nome as nome2_3_0_ 
    from
        ruolo ruolo0_ 
    where
        ruolo0_.token_ruolo=?
2020-10-04 18:22:31.087 TRACE 12544 --- [http-nio-8090-exec-1] o.h.type.descriptor.sql.BasicBinder      : binding parameter [1] as [INTEGER] - [1]
2020-10-04 18:22:31.092  INFO 12544 --- [http-nio-8090-exec-1] i.a.p.controller.GiornoController        : Utente:admin -->  Richiesta giorni prenotabili
2020-10-04 18:22:31.093 DEBUG 12544 --- [http-nio-8090-exec-1] org.hibernate.SQL                        : 
    select
        giorno0_.token_giorno as token_gi1_0_,
        giorno0_.data as data2_0_ 
    from
        giorno giorno0_ 
    where
        giorno0_.data>=?
2020-10-04 18:22:31.093 TRACE 12544 --- [http-nio-8090-exec-1] o.h.type.descriptor.sql.BasicBinder      : binding parameter [1] as [DATE] - [2020-10-03]
2020-10-04 18:22:31.097  INFO 12544 --- [http-nio-8090-exec-1] i.a.p.controller.GiornoController        : Utente:admin -->  Ho recuperato i giorni disponibli [Giorno{tokenGiorno=24, data=2020-10-06, listaMenu=[], prenotato=false}]
2020-10-04 18:22:33.296  WARN 12544 --- [http-nio-8090-exec-2] i.a.p.security.jwt.AuthTokenFilter       : Token: null
2020-10-04 18:22:33.297  WARN 12544 --- [http-nio-8090-exec-2] i.a.p.security.jwt.AuthTokenFilter       : TOKEN NON VALIDO
2020-10-04 18:22:33.302  WARN 12544 --- [http-nio-8090-exec-2] i.a.p.security.jwt.AuthTokenFilter       : Token: Bearer eyJhbGciOiJIUzUxMiJ9.eyJzdWIiOiJhZG1pbiIsImV4cCI6MTYwMTkxNDkzNiwiaWF0IjoxNjAxODI4NTM2LCJhdXRob3JpdGllcyI6WyJST0xFX0FETUlOIl19.le29dnW1lM3C9JNqx-0xUtdT0u--oOrR6lsCMzuWSBm3pVg0G6tfsfDofVOZ9QmhyHcUXLu4TETb9g7f8O_5LQ
2020-10-04 18:22:33.306 DEBUG 12544 --- [http-nio-8090-exec-2] org.hibernate.SQL                        : 
    select
        utente0_.token_utente as token_ut1_4_,
        utente0_.cognome as cognome2_4_,
        utente0_.enable as enable3_4_,
        utente0_.nome as nome4_4_,
        utente0_.password as password5_4_,
        utente0_.token_ruolo as token_ru7_4_,
        utente0_.username as username6_4_ 
    from
        utente utente0_ 
    where
        utente0_.username=?
2020-10-04 18:22:33.306 TRACE 12544 --- [http-nio-8090-exec-2] o.h.type.descriptor.sql.BasicBinder      : binding parameter [1] as [VARCHAR] - [admin]
2020-10-04 18:22:33.307 DEBUG 12544 --- [http-nio-8090-exec-2] org.hibernate.SQL                        : 
    select
        ruolo0_.token_ruolo as token_ru1_3_0_,
        ruolo0_.nome as nome2_3_0_ 
    from
        ruolo ruolo0_ 
    where
        ruolo0_.token_ruolo=?
2020-10-04 18:22:33.308 TRACE 12544 --- [http-nio-8090-exec-2] o.h.type.descriptor.sql.BasicBinder      : binding parameter [1] as [INTEGER] - [1]
2020-10-04 18:22:33.320  INFO 12544 --- [http-nio-8090-exec-2] i.a.p.controller.MenuController          : Utente:admin -->  Richiesta lista menu con utenti del giorno con token 24
2020-10-04 18:22:33.325 DEBUG 12544 --- [http-nio-8090-exec-2] org.hibernate.SQL                        : 
    select
        giorno0_.token_giorno as token_gi1_0_,
        giorno0_.data as data2_0_ 
    from
        giorno giorno0_ 
    where
        giorno0_.token_giorno=?
2020-10-04 18:22:33.325 TRACE 12544 --- [http-nio-8090-exec-2] o.h.type.descriptor.sql.BasicBinder      : binding parameter [1] as [INTEGER] - [24]
2020-10-04 18:22:33.328 DEBUG 12544 --- [http-nio-8090-exec-2] org.hibernate.SQL                        : 
    select
        listamenu0_.giorno_token_giorno as giorno_t7_1_0_,
        listamenu0_.token_menu as token_me1_1_0_,
        listamenu0_.token_menu as token_me1_1_1_,
        listamenu0_.contorno as contorno2_1_1_,
        listamenu0_.extra as extra3_1_1_,
        listamenu0_.giorno_token_giorno as giorno_t7_1_1_,
        listamenu0_.numero as numero4_1_1_,
        listamenu0_.note as note5_1_1_,
        listamenu0_.pasto as pasto6_1_1_ 
    from
        menu listamenu0_ 
    where
        listamenu0_.giorno_token_giorno=?
2020-10-04 18:22:33.329 TRACE 12544 --- [http-nio-8090-exec-2] o.h.type.descriptor.sql.BasicBinder      : binding parameter [1] as [INTEGER] - [24]
2020-10-04 18:22:33.334 DEBUG 12544 --- [http-nio-8090-exec-2] org.hibernate.SQL                        : 
    select
        prenota0_.menu_token_menu as menu_tok2_2_0_,
        prenota0_.token_prenotazione as token_pr1_2_0_,
        prenota0_.token_prenotazione as token_pr1_2_1_,
        prenota0_.menu_token_menu as menu_tok2_2_1_,
        prenota0_.utente_token_utente as utente_t3_2_1_,
        utente1_.token_utente as token_ut1_4_2_,
        utente1_.cognome as cognome2_4_2_,
        utente1_.enable as enable3_4_2_,
        utente1_.nome as nome4_4_2_,
        utente1_.password as password5_4_2_,
        utente1_.token_ruolo as token_ru7_4_2_,
        utente1_.username as username6_4_2_,
        ruolo2_.token_ruolo as token_ru1_3_3_,
        ruolo2_.nome as nome2_3_3_ 
    from
        prenotazione prenota0_ 
    left outer join
        utente utente1_ 
            on prenota0_.utente_token_utente=utente1_.token_utente 
    left outer join
        ruolo ruolo2_ 
            on utente1_.token_ruolo=ruolo2_.token_ruolo 
    where
        prenota0_.menu_token_menu=?
2020-10-04 18:22:33.334 TRACE 12544 --- [http-nio-8090-exec-2] o.h.type.descriptor.sql.BasicBinder      : binding parameter [1] as [INTEGER] - [20]
2020-10-04 18:22:33.336  INFO 12544 --- [http-nio-8090-exec-2] i.a.p.controller.MenuController          : Utente:admin -->  Ho recuperato i menu  [Menu{tokenMenu=20, nome='fffff', pasto='fffff', contorno='ffffff', extra='ffffff', note='fffdfdfd', giorno=null, prenota=[]}]
2020-10-04 18:22:35.915  WARN 12544 --- [http-nio-8090-exec-5] i.a.p.security.jwt.AuthTokenFilter       : Token: Bearer eyJhbGciOiJIUzUxMiJ9.eyJzdWIiOiJhZG1pbiIsImV4cCI6MTYwMTkxNDkzNiwiaWF0IjoxNjAxODI4NTM2LCJhdXRob3JpdGllcyI6WyJST0xFX0FETUlOIl19.le29dnW1lM3C9JNqx-0xUtdT0u--oOrR6lsCMzuWSBm3pVg0G6tfsfDofVOZ9QmhyHcUXLu4TETb9g7f8O_5LQ
2020-10-04 18:22:35.918 DEBUG 12544 --- [http-nio-8090-exec-5] org.hibernate.SQL                        : 
    select
        utente0_.token_utente as token_ut1_4_,
        utente0_.cognome as cognome2_4_,
        utente0_.enable as enable3_4_,
        utente0_.nome as nome4_4_,
        utente0_.password as password5_4_,
        utente0_.token_ruolo as token_ru7_4_,
        utente0_.username as username6_4_ 
    from
        utente utente0_ 
    where
        utente0_.username=?
2020-10-04 18:22:35.919 TRACE 12544 --- [http-nio-8090-exec-5] o.h.type.descriptor.sql.BasicBinder      : binding parameter [1] as [VARCHAR] - [admin]
2020-10-04 18:22:35.920 DEBUG 12544 --- [http-nio-8090-exec-5] org.hibernate.SQL                        : 
    select
        ruolo0_.token_ruolo as token_ru1_3_0_,
        ruolo0_.nome as nome2_3_0_ 
    from
        ruolo ruolo0_ 
    where
        ruolo0_.token_ruolo=?
2020-10-04 18:22:35.920 TRACE 12544 --- [http-nio-8090-exec-5] o.h.type.descriptor.sql.BasicBinder      : binding parameter [1] as [INTEGER] - [1]
2020-10-04 18:22:35.925  INFO 12544 --- [http-nio-8090-exec-5] i.a.p.controller.GiornoController        : Utente:admin -->  Richiesta giorni prenotabili
2020-10-04 18:22:35.926 DEBUG 12544 --- [http-nio-8090-exec-5] org.hibernate.SQL                        : 
    select
        giorno0_.token_giorno as token_gi1_0_,
        giorno0_.data as data2_0_ 
    from
        giorno giorno0_ 
    where
        giorno0_.data>=?
2020-10-04 18:22:35.926 TRACE 12544 --- [http-nio-8090-exec-5] o.h.type.descriptor.sql.BasicBinder      : binding parameter [1] as [DATE] - [2020-10-03]
2020-10-04 18:22:35.928  INFO 12544 --- [http-nio-8090-exec-5] i.a.p.controller.GiornoController        : Utente:admin -->  Ho recuperato i giorni disponibli [Giorno{tokenGiorno=24, data=2020-10-06, listaMenu=[], prenotato=false}]
2020-10-04 18:23:49.138  WARN 12544 --- [http-nio-8090-exec-6] i.a.p.security.jwt.AuthTokenFilter       : Token: Bearer eyJhbGciOiJIUzUxMiJ9.eyJzdWIiOiJhZG1pbiIsImV4cCI6MTYwMTkxNDkzNiwiaWF0IjoxNjAxODI4NTM2LCJhdXRob3JpdGllcyI6WyJST0xFX0FETUlOIl19.le29dnW1lM3C9JNqx-0xUtdT0u--oOrR6lsCMzuWSBm3pVg0G6tfsfDofVOZ9QmhyHcUXLu4TETb9g7f8O_5LQ
2020-10-04 18:23:49.141 DEBUG 12544 --- [http-nio-8090-exec-6] org.hibernate.SQL                        : 
    select
        utente0_.token_utente as token_ut1_4_,
        utente0_.cognome as cognome2_4_,
        utente0_.enable as enable3_4_,
        utente0_.nome as nome4_4_,
        utente0_.password as password5_4_,
        utente0_.token_ruolo as token_ru7_4_,
        utente0_.username as username6_4_ 
    from
        utente utente0_ 
    where
        utente0_.username=?
2020-10-04 18:23:49.142 TRACE 12544 --- [http-nio-8090-exec-6] o.h.type.descriptor.sql.BasicBinder      : binding parameter [1] as [VARCHAR] - [admin]
2020-10-04 18:23:49.143 DEBUG 12544 --- [http-nio-8090-exec-6] org.hibernate.SQL                        : 
    select
        ruolo0_.token_ruolo as token_ru1_3_0_,
        ruolo0_.nome as nome2_3_0_ 
    from
        ruolo ruolo0_ 
    where
        ruolo0_.token_ruolo=?
2020-10-04 18:23:49.143 TRACE 12544 --- [http-nio-8090-exec-6] o.h.type.descriptor.sql.BasicBinder      : binding parameter [1] as [INTEGER] - [1]
2020-10-04 18:23:54.591  INFO 12544 --- [http-nio-8090-exec-6] i.a.p.controller.GiornoController        : Utente:admin -->  Richiesta giorni prenotabili
2020-10-04 18:24:09.353 DEBUG 12544 --- [http-nio-8090-exec-6] org.hibernate.SQL                        : 
    select
        giorno0_.token_giorno as token_gi1_0_,
        giorno0_.data as data2_0_ 
    from
        giorno giorno0_ 
    where
        giorno0_.data>=?
2020-10-04 18:24:09.357 TRACE 12544 --- [http-nio-8090-exec-6] o.h.type.descriptor.sql.BasicBinder      : binding parameter [1] as [DATE] - [2020-10-03]
2020-10-04 18:24:33.546 DEBUG 12544 --- [http-nio-8090-exec-6] org.hibernate.SQL                        : 
    select
        listamenu0_.giorno_token_giorno as giorno_t7_1_0_,
        listamenu0_.token_menu as token_me1_1_0_,
        listamenu0_.token_menu as token_me1_1_1_,
        listamenu0_.contorno as contorno2_1_1_,
        listamenu0_.extra as extra3_1_1_,
        listamenu0_.giorno_token_giorno as giorno_t7_1_1_,
        listamenu0_.numero as numero4_1_1_,
        listamenu0_.note as note5_1_1_,
        listamenu0_.pasto as pasto6_1_1_ 
    from
        menu listamenu0_ 
    where
        listamenu0_.giorno_token_giorno=?
2020-10-04 18:24:33.549 TRACE 12544 --- [http-nio-8090-exec-6] o.h.type.descriptor.sql.BasicBinder      : binding parameter [1] as [INTEGER] - [24]
2020-10-04 18:24:39.029 DEBUG 12544 --- [http-nio-8090-exec-6] org.hibernate.SQL                        : 
    select
        prenota0_.menu_token_menu as menu_tok2_2_0_,
        prenota0_.token_prenotazione as token_pr1_2_0_,
        prenota0_.token_prenotazione as token_pr1_2_1_,
        prenota0_.menu_token_menu as menu_tok2_2_1_,
        prenota0_.utente_token_utente as utente_t3_2_1_,
        utente1_.token_utente as token_ut1_4_2_,
        utente1_.cognome as cognome2_4_2_,
        utente1_.enable as enable3_4_2_,
        utente1_.nome as nome4_4_2_,
        utente1_.password as password5_4_2_,
        utente1_.token_ruolo as token_ru7_4_2_,
        utente1_.username as username6_4_2_,
        ruolo2_.token_ruolo as token_ru1_3_3_,
        ruolo2_.nome as nome2_3_3_ 
    from
        prenotazione prenota0_ 
    left outer join
        utente utente1_ 
            on prenota0_.utente_token_utente=utente1_.token_utente 
    left outer join
        ruolo ruolo2_ 
            on utente1_.token_ruolo=ruolo2_.token_ruolo 
    where
        prenota0_.menu_token_menu=?
2020-10-04 18:24:39.032 TRACE 12544 --- [http-nio-8090-exec-6] o.h.type.descriptor.sql.BasicBinder      : binding parameter [1] as [INTEGER] - [20]
2020-10-04 18:25:17.602  WARN 12544 --- [HikariPool-1 housekeeper] com.zaxxer.hikari.pool.HikariPool        : HikariPool-1 - Thread starvation or clock leap detected (housekeeper delta=1m17s561ms78µs100ns).
2020-10-04 18:25:17.603  INFO 12544 --- [http-nio-8090-exec-6] i.a.p.controller.GiornoController        : Utente:admin -->  Ho recuperato i giorni disponibli [Giorno{tokenGiorno=24, data=2020-10-06, listaMenu=[], prenotato=false}]
2020-10-04 18:25:17.704  INFO 12544 --- [SpringContextShutdownHook] j.LocalContainerEntityManagerFactoryBean : Closing JPA EntityManagerFactory for persistence unit 'default'
2020-10-04 18:25:17.706  INFO 12544 --- [SpringContextShutdownHook] o.s.s.concurrent.ThreadPoolTaskExecutor  : Shutting down ExecutorService 'applicationTaskExecutor'
2020-10-04 18:25:17.706  INFO 12544 --- [SpringContextShutdownHook] com.zaxxer.hikari.HikariDataSource       : HikariPool-1 - Shutdown initiated...
2020-10-04 18:25:17.715  INFO 12544 --- [SpringContextShutdownHook] com.zaxxer.hikari.HikariDataSource       : HikariPool-1 - Shutdown completed.
2020-10-04 18:25:23.416  INFO 8620 --- [main] i.a.p.PrenotaMensaApplication            : Starting PrenotaMensaApplication on alessior with PID 8620 (H:\Programmazione\prenotaMensa\prenotaMensa\target\classes started by Alessio in H:\Programmazione\prenotaMensa\prenotaMensa)
2020-10-04 18:25:23.420  INFO 8620 --- [main] i.a.p.PrenotaMensaApplication            : No active profile set, falling back to default profiles: default
2020-10-04 18:25:24.369  INFO 8620 --- [main] .s.d.r.c.RepositoryConfigurationDelegate : Bootstrapping Spring Data JPA repositories in DEFERRED mode.
2020-10-04 18:25:24.458  INFO 8620 --- [main] .s.d.r.c.RepositoryConfigurationDelegate : Finished Spring Data repository scanning in 81ms. Found 1 JPA repository interfaces.
2020-10-04 18:25:24.838  INFO 8620 --- [main] trationDelegate$BeanPostProcessorChecker : Bean 'org.springframework.security.access.expression.method.DefaultMethodSecurityExpressionHandler@14823f76' of type [org.springframework.security.access.expression.method.DefaultMethodSecurityExpressionHandler] is not eligible for getting processed by all BeanPostProcessors (for example: not eligible for auto-proxying)
2020-10-04 18:25:24.844  INFO 8620 --- [main] trationDelegate$BeanPostProcessorChecker : Bean 'methodSecurityMetadataSource' of type [org.springframework.security.access.method.DelegatingMethodSecurityMetadataSource] is not eligible for getting processed by all BeanPostProcessors (for example: not eligible for auto-proxying)
2020-10-04 18:25:25.167  INFO 8620 --- [main] o.s.b.w.embedded.tomcat.TomcatWebServer  : Tomcat initialized with port(s): 8090 (http)
2020-10-04 18:25:25.178  INFO 8620 --- [main] o.apache.catalina.core.StandardService   : Starting service [Tomcat]
2020-10-04 18:25:25.178  INFO 8620 --- [main] org.apache.catalina.core.StandardEngine  : Starting Servlet engine: [Apache Tomcat/9.0.36]
2020-10-04 18:25:25.340  INFO 8620 --- [main] o.a.c.c.C.[Tomcat].[localhost].[/]       : Initializing Spring embedded WebApplicationContext
2020-10-04 18:25:25.340  INFO 8620 --- [main] w.s.c.ServletWebServerApplicationContext : Root WebApplicationContext: initialization completed in 1866 ms
2020-10-04 18:25:25.465  WARN 8620 --- [main] JpaBaseConfiguration$JpaWebConfiguration : spring.jpa.open-in-view is enabled by default. Therefore, database queries may be performed during view rendering. Explicitly configure spring.jpa.open-in-view to disable this warning
2020-10-04 18:25:25.607  INFO 8620 --- [main] o.s.s.concurrent.ThreadPoolTaskExecutor  : Initializing ExecutorService 'applicationTaskExecutor'
2020-10-04 18:25:25.620  INFO 8620 --- [main] com.zaxxer.hikari.HikariDataSource       : HikariPool-1 - Starting...
2020-10-04 18:25:25.780  INFO 8620 --- [main] com.zaxxer.hikari.HikariDataSource       : HikariPool-1 - Start completed.
2020-10-04 18:25:25.839  INFO 8620 --- [task-1] o.hibernate.jpa.internal.util.LogHelper  : HHH000204: Processing PersistenceUnitInfo [name: default]
2020-10-04 18:25:25.897  INFO 8620 --- [task-1] org.hibernate.Version                    : HHH000412: Hibernate ORM core version 5.4.17.Final
2020-10-04 18:25:26.035  INFO 8620 --- [task-1] o.hibernate.annotations.common.Version   : HCANN000001: Hibernate Commons Annotations {5.1.0.Final}
2020-10-04 18:25:26.219  INFO 8620 --- [task-1] org.hibernate.dialect.Dialect            : HHH000400: Using dialect: org.hibernate.dialect.MySQL8Dialect
2020-10-04 18:25:26.246  INFO 8620 --- [main] o.s.s.web.DefaultSecurityFilterChain     : Creating filter chain: Ant [pattern='/api/auth/**', POST], []
2020-10-04 18:25:26.246  INFO 8620 --- [main] o.s.s.web.DefaultSecurityFilterChain     : Creating filter chain: Ant [pattern='/**', OPTIONS], []
2020-10-04 18:25:26.246  INFO 8620 --- [main] o.s.s.web.DefaultSecurityFilterChain     : Creating filter chain: Ant [pattern='/', GET], []
2020-10-04 18:25:26.555  INFO 8620 --- [main] o.s.s.web.DefaultSecurityFilterChain     : Creating filter chain: any request, [org.springframework.security.web.context.request.async.WebAsyncManagerIntegrationFilter@45287377, org.springframework.security.web.context.SecurityContextPersistenceFilter@28768e25, org.springframework.security.web.header.HeaderWriterFilter@27ec8754, org.springframework.web.filter.CorsFilter@7159d601, org.springframework.security.web.authentication.logout.LogoutFilter@c48b543, it.alessiorossato.prenotaMensa.security.jwt.AuthTokenFilter@b950f82, org.springframework.security.web.savedrequest.RequestCacheAwareFilter@143fefaf, org.springframework.security.web.servletapi.SecurityContextHolderAwareRequestFilter@52f8a6f4, org.springframework.security.web.authentication.AnonymousAuthenticationFilter@70b33256, org.springframework.security.web.session.SessionManagementFilter@595f9916, org.springframework.security.web.access.ExceptionTranslationFilter@546ed2a0, org.springframework.security.web.access.intercept.FilterSecurityInterceptor@7a572ea0]
2020-10-04 18:25:26.849  INFO 8620 --- [main] o.s.b.w.embedded.tomcat.TomcatWebServer  : Tomcat started on port(s): 8090 (http) with context path ''
2020-10-04 18:25:26.851  INFO 8620 --- [main] DeferredRepositoryInitializationListener : Triggering deferred initialization of Spring Data repositories…
2020-10-04 18:25:27.145  INFO 8620 --- [task-1] o.h.e.t.j.p.i.JtaPlatformInitiator       : HHH000490: Using JtaPlatform implementation: [org.hibernate.engine.transaction.jta.platform.internal.NoJtaPlatform]
2020-10-04 18:25:27.155  INFO 8620 --- [task-1] j.LocalContainerEntityManagerFactoryBean : Initialized JPA EntityManagerFactory for persistence unit 'default'
2020-10-04 18:25:27.453  INFO 8620 --- [main] DeferredRepositoryInitializationListener : Spring Data repositories initialized!
2020-10-04 18:25:27.465  INFO 8620 --- [main] i.a.p.PrenotaMensaApplication            : Started PrenotaMensaApplication in 4.468 seconds (JVM running for 5.455)
2020-10-04 18:25:30.653  INFO 8620 --- [http-nio-8090-exec-1] o.a.c.c.C.[Tomcat].[localhost].[/]       : Initializing Spring DispatcherServlet 'dispatcherServlet'
2020-10-04 18:25:30.653  INFO 8620 --- [http-nio-8090-exec-1] o.s.web.servlet.DispatcherServlet        : Initializing Servlet 'dispatcherServlet'
2020-10-04 18:25:30.661  INFO 8620 --- [http-nio-8090-exec-1] o.s.web.servlet.DispatcherServlet        : Completed initialization in 7 ms
2020-10-04 18:25:30.695  WARN 8620 --- [http-nio-8090-exec-1] i.a.p.security.jwt.AuthTokenFilter       : Token: Bearer eyJhbGciOiJIUzUxMiJ9.eyJzdWIiOiJhZG1pbiIsImV4cCI6MTYwMTkxNDkzNiwiaWF0IjoxNjAxODI4NTM2LCJhdXRob3JpdGllcyI6WyJST0xFX0FETUlOIl19.le29dnW1lM3C9JNqx-0xUtdT0u--oOrR6lsCMzuWSBm3pVg0G6tfsfDofVOZ9QmhyHcUXLu4TETb9g7f8O_5LQ
2020-10-04 18:25:30.892 DEBUG 8620 --- [http-nio-8090-exec-1] org.hibernate.SQL                        : 
    select
        utente0_.token_utente as token_ut1_4_,
        utente0_.cognome as cognome2_4_,
        utente0_.enable as enable3_4_,
        utente0_.nome as nome4_4_,
        utente0_.password as password5_4_,
        utente0_.token_ruolo as token_ru7_4_,
        utente0_.username as username6_4_ 
    from
        utente utente0_ 
    where
        utente0_.username=?
2020-10-04 18:25:30.897 TRACE 8620 --- [http-nio-8090-exec-1] o.h.type.descriptor.sql.BasicBinder      : binding parameter [1] as [VARCHAR] - [admin]
2020-10-04 18:25:30.917 DEBUG 8620 --- [http-nio-8090-exec-1] org.hibernate.SQL                        : 
    select
        ruolo0_.token_ruolo as token_ru1_3_0_,
        ruolo0_.nome as nome2_3_0_ 
    from
        ruolo ruolo0_ 
    where
        ruolo0_.token_ruolo=?
2020-10-04 18:25:30.918 TRACE 8620 --- [http-nio-8090-exec-1] o.h.type.descriptor.sql.BasicBinder      : binding parameter [1] as [INTEGER] - [1]
2020-10-04 18:25:35.633  INFO 8620 --- [http-nio-8090-exec-1] i.a.p.controller.GiornoController        : Utente:admin -->  Richiesta giorni prenotabili
2020-10-04 18:25:37.947 DEBUG 8620 --- [http-nio-8090-exec-1] org.hibernate.SQL                        : 
    select
        giorno0_.token_giorno as token_gi1_0_,
        giorno0_.data as data2_0_ 
    from
        giorno giorno0_ 
    where
        giorno0_.data>=?
2020-10-04 18:25:37.951 TRACE 8620 --- [http-nio-8090-exec-1] o.h.type.descriptor.sql.BasicBinder      : binding parameter [1] as [DATE] - [2020-10-03]
2020-10-04 18:25:40.073 DEBUG 8620 --- [http-nio-8090-exec-1] org.hibernate.SQL                        : 
    select
        listamenu0_.giorno_token_giorno as giorno_t7_1_0_,
        listamenu0_.token_menu as token_me1_1_0_,
        listamenu0_.token_menu as token_me1_1_1_,
        listamenu0_.contorno as contorno2_1_1_,
        listamenu0_.extra as extra3_1_1_,
        listamenu0_.giorno_token_giorno as giorno_t7_1_1_,
        listamenu0_.numero as numero4_1_1_,
        listamenu0_.note as note5_1_1_,
        listamenu0_.pasto as pasto6_1_1_ 
    from
        menu listamenu0_ 
    where
        listamenu0_.giorno_token_giorno=?
2020-10-04 18:25:40.077 TRACE 8620 --- [http-nio-8090-exec-1] o.h.type.descriptor.sql.BasicBinder      : binding parameter [1] as [INTEGER] - [24]
2020-10-04 18:25:44.385 DEBUG 8620 --- [http-nio-8090-exec-1] org.hibernate.SQL                        : 
    select
        prenota0_.menu_token_menu as menu_tok2_2_0_,
        prenota0_.token_prenotazione as token_pr1_2_0_,
        prenota0_.token_prenotazione as token_pr1_2_1_,
        prenota0_.menu_token_menu as menu_tok2_2_1_,
        prenota0_.utente_token_utente as utente_t3_2_1_,
        utente1_.token_utente as token_ut1_4_2_,
        utente1_.cognome as cognome2_4_2_,
        utente1_.enable as enable3_4_2_,
        utente1_.nome as nome4_4_2_,
        utente1_.password as password5_4_2_,
        utente1_.token_ruolo as token_ru7_4_2_,
        utente1_.username as username6_4_2_,
        ruolo2_.token_ruolo as token_ru1_3_3_,
        ruolo2_.nome as nome2_3_3_ 
    from
        prenotazione prenota0_ 
    left outer join
        utente utente1_ 
            on prenota0_.utente_token_utente=utente1_.token_utente 
    left outer join
        ruolo ruolo2_ 
            on utente1_.token_ruolo=ruolo2_.token_ruolo 
    where
        prenota0_.menu_token_menu=?
2020-10-04 18:25:44.389 TRACE 8620 --- [http-nio-8090-exec-1] o.h.type.descriptor.sql.BasicBinder      : binding parameter [1] as [INTEGER] - [20]
2020-10-04 18:25:52.818  INFO 8620 --- [http-nio-8090-exec-1] i.a.p.controller.GiornoController        : Utente:admin -->  Ho recuperato i giorni disponibli [Giorno{tokenGiorno=24, data=2020-10-06, listaMenu=[], prenotato=false}]
2020-10-04 18:44:59.452  INFO 8620 --- [SpringContextShutdownHook] j.LocalContainerEntityManagerFactoryBean : Closing JPA EntityManagerFactory for persistence unit 'default'
2020-10-04 18:44:59.455  INFO 8620 --- [SpringContextShutdownHook] o.s.s.concurrent.ThreadPoolTaskExecutor  : Shutting down ExecutorService 'applicationTaskExecutor'
2020-10-04 18:44:59.456  INFO 8620 --- [SpringContextShutdownHook] com.zaxxer.hikari.HikariDataSource       : HikariPool-1 - Shutdown initiated...
2020-10-04 18:44:59.466  INFO 8620 --- [SpringContextShutdownHook] com.zaxxer.hikari.HikariDataSource       : HikariPool-1 - Shutdown completed.
2020-10-04 18:45:05.972  INFO 16052 --- [main] i.a.p.PrenotaMensaApplication            : Starting PrenotaMensaApplication on alessior with PID 16052 (H:\Programmazione\prenotaMensa\prenotaMensa\target\classes started by Alessio in H:\Programmazione\prenotaMensa\prenotaMensa)
2020-10-04 18:45:05.976  INFO 16052 --- [main] i.a.p.PrenotaMensaApplication            : No active profile set, falling back to default profiles: default
2020-10-04 18:45:07.033  INFO 16052 --- [main] .s.d.r.c.RepositoryConfigurationDelegate : Bootstrapping Spring Data JPA repositories in DEFERRED mode.
2020-10-04 18:45:07.127  INFO 16052 --- [main] .s.d.r.c.RepositoryConfigurationDelegate : Finished Spring Data repository scanning in 84ms. Found 1 JPA repository interfaces.
2020-10-04 18:45:07.588  INFO 16052 --- [main] trationDelegate$BeanPostProcessorChecker : Bean 'org.springframework.security.access.expression.method.DefaultMethodSecurityExpressionHandler@52e04737' of type [org.springframework.security.access.expression.method.DefaultMethodSecurityExpressionHandler] is not eligible for getting processed by all BeanPostProcessors (for example: not eligible for auto-proxying)
2020-10-04 18:45:07.596  INFO 16052 --- [main] trationDelegate$BeanPostProcessorChecker : Bean 'methodSecurityMetadataSource' of type [org.springframework.security.access.method.DelegatingMethodSecurityMetadataSource] is not eligible for getting processed by all BeanPostProcessors (for example: not eligible for auto-proxying)
2020-10-04 18:45:07.935  INFO 16052 --- [main] o.s.b.w.embedded.tomcat.TomcatWebServer  : Tomcat initialized with port(s): 8090 (http)
2020-10-04 18:45:07.947  INFO 16052 --- [main] o.apache.catalina.core.StandardService   : Starting service [Tomcat]
2020-10-04 18:45:07.947  INFO 16052 --- [main] org.apache.catalina.core.StandardEngine  : Starting Servlet engine: [Apache Tomcat/9.0.36]
2020-10-04 18:45:08.127  INFO 16052 --- [main] o.a.c.c.C.[Tomcat].[localhost].[/]       : Initializing Spring embedded WebApplicationContext
2020-10-04 18:45:08.128  INFO 16052 --- [main] w.s.c.ServletWebServerApplicationContext : Root WebApplicationContext: initialization completed in 2096 ms
2020-10-04 18:45:08.233  WARN 16052 --- [main] JpaBaseConfiguration$JpaWebConfiguration : spring.jpa.open-in-view is enabled by default. Therefore, database queries may be performed during view rendering. Explicitly configure spring.jpa.open-in-view to disable this warning
2020-10-04 18:45:08.406  INFO 16052 --- [main] o.s.s.concurrent.ThreadPoolTaskExecutor  : Initializing ExecutorService 'applicationTaskExecutor'
2020-10-04 18:45:08.424  INFO 16052 --- [main] com.zaxxer.hikari.HikariDataSource       : HikariPool-1 - Starting...
2020-10-04 18:45:08.617  INFO 16052 --- [main] com.zaxxer.hikari.HikariDataSource       : HikariPool-1 - Start completed.
2020-10-04 18:45:08.696  INFO 16052 --- [task-1] o.hibernate.jpa.internal.util.LogHelper  : HHH000204: Processing PersistenceUnitInfo [name: default]
2020-10-04 18:45:08.762  INFO 16052 --- [task-1] org.hibernate.Version                    : HHH000412: Hibernate ORM core version 5.4.17.Final
2020-10-04 18:45:08.906  INFO 16052 --- [task-1] o.hibernate.annotations.common.Version   : HCANN000001: Hibernate Commons Annotations {5.1.0.Final}
2020-10-04 18:45:09.036  INFO 16052 --- [task-1] org.hibernate.dialect.Dialect            : HHH000400: Using dialect: org.hibernate.dialect.MySQL8Dialect
2020-10-04 18:45:09.166  INFO 16052 --- [main] o.s.s.web.DefaultSecurityFilterChain     : Creating filter chain: Ant [pattern='/api/auth/**', POST], []
2020-10-04 18:45:09.166  INFO 16052 --- [main] o.s.s.web.DefaultSecurityFilterChain     : Creating filter chain: Ant [pattern='/**', OPTIONS], []
2020-10-04 18:45:09.166  INFO 16052 --- [main] o.s.s.web.DefaultSecurityFilterChain     : Creating filter chain: Ant [pattern='/', GET], []
2020-10-04 18:45:09.497  INFO 16052 --- [main] o.s.s.web.DefaultSecurityFilterChain     : Creating filter chain: any request, [org.springframework.security.web.context.request.async.WebAsyncManagerIntegrationFilter@1e721583, org.springframework.security.web.context.SecurityContextPersistenceFilter@342beaf6, org.springframework.security.web.header.HeaderWriterFilter@19fbc594, org.springframework.web.filter.CorsFilter@79f5a6ed, org.springframework.security.web.authentication.logout.LogoutFilter@71166348, it.alessiorossato.prenotaMensa.security.jwt.AuthTokenFilter@437bd805, org.springframework.security.web.savedrequest.RequestCacheAwareFilter@56cfe6be, org.springframework.security.web.servletapi.SecurityContextHolderAwareRequestFilter@2abc55c4, org.springframework.security.web.authentication.AnonymousAuthenticationFilter@722787b5, org.springframework.security.web.session.SessionManagementFilter@56a05324, org.springframework.security.web.access.ExceptionTranslationFilter@48f2054d, org.springframework.security.web.access.intercept.FilterSecurityInterceptor@7c901203]
2020-10-04 18:45:09.836  INFO 16052 --- [main] o.s.b.w.embedded.tomcat.TomcatWebServer  : Tomcat started on port(s): 8090 (http) with context path ''
2020-10-04 18:45:09.839  INFO 16052 --- [main] DeferredRepositoryInitializationListener : Triggering deferred initialization of Spring Data repositories…
2020-10-04 18:45:10.121  INFO 16052 --- [task-1] o.h.e.t.j.p.i.JtaPlatformInitiator       : HHH000490: Using JtaPlatform implementation: [org.hibernate.engine.transaction.jta.platform.internal.NoJtaPlatform]
2020-10-04 18:45:10.131  INFO 16052 --- [task-1] j.LocalContainerEntityManagerFactoryBean : Initialized JPA EntityManagerFactory for persistence unit 'default'
2020-10-04 18:45:10.442  INFO 16052 --- [main] DeferredRepositoryInitializationListener : Spring Data repositories initialized!
2020-10-04 18:45:10.454  INFO 16052 --- [main] i.a.p.PrenotaMensaApplication            : Started PrenotaMensaApplication in 4.927 seconds (JVM running for 6.016)
2020-10-04 18:45:51.468  INFO 16052 --- [http-nio-8090-exec-2] o.a.c.c.C.[Tomcat].[localhost].[/]       : Initializing Spring DispatcherServlet 'dispatcherServlet'
2020-10-04 18:45:51.468  INFO 16052 --- [http-nio-8090-exec-2] o.s.web.servlet.DispatcherServlet        : Initializing Servlet 'dispatcherServlet'
2020-10-04 18:45:51.476  INFO 16052 --- [http-nio-8090-exec-2] o.s.web.servlet.DispatcherServlet        : Completed initialization in 8 ms
2020-10-04 18:45:51.510  WARN 16052 --- [http-nio-8090-exec-2] i.a.p.security.jwt.AuthTokenFilter       : Token: Bearer eyJhbGciOiJIUzUxMiJ9.eyJzdWIiOiJhZG1pbiIsImV4cCI6MTYwMTkxNDkzNiwiaWF0IjoxNjAxODI4NTM2LCJhdXRob3JpdGllcyI6WyJST0xFX0FETUlOIl19.le29dnW1lM3C9JNqx-0xUtdT0u--oOrR6lsCMzuWSBm3pVg0G6tfsfDofVOZ9QmhyHcUXLu4TETb9g7f8O_5LQ
2020-10-04 18:45:51.715 DEBUG 16052 --- [http-nio-8090-exec-2] org.hibernate.SQL                        : 
    select
        utente0_.token_utente as token_ut1_4_,
        utente0_.cognome as cognome2_4_,
        utente0_.enable as enable3_4_,
        utente0_.nome as nome4_4_,
        utente0_.password as password5_4_,
        utente0_.token_ruolo as token_ru7_4_,
        utente0_.username as username6_4_ 
    from
        utente utente0_ 
    where
        utente0_.username=?
2020-10-04 18:45:51.721 TRACE 16052 --- [http-nio-8090-exec-2] o.h.type.descriptor.sql.BasicBinder      : binding parameter [1] as [VARCHAR] - [admin]
2020-10-04 18:45:51.754 DEBUG 16052 --- [http-nio-8090-exec-2] org.hibernate.SQL                        : 
    select
        ruolo0_.token_ruolo as token_ru1_3_0_,
        ruolo0_.nome as nome2_3_0_ 
    from
        ruolo ruolo0_ 
    where
        ruolo0_.token_ruolo=?
2020-10-04 18:45:51.755 TRACE 16052 --- [http-nio-8090-exec-2] o.h.type.descriptor.sql.BasicBinder      : binding parameter [1] as [INTEGER] - [1]
2020-10-04 18:45:58.061  INFO 16052 --- [http-nio-8090-exec-2] i.a.p.controller.GiornoController        : Utente:admin -->  Richiesta giorni prenotabili
2020-10-04 18:46:00.759 DEBUG 16052 --- [http-nio-8090-exec-2] org.hibernate.SQL                        : 
    select
        giorno0_.token_giorno as token_gi1_0_,
        giorno0_.data as data2_0_ 
    from
        giorno giorno0_ 
    where
        giorno0_.data>=?
2020-10-04 18:46:00.764 TRACE 16052 --- [http-nio-8090-exec-2] o.h.type.descriptor.sql.BasicBinder      : binding parameter [1] as [DATE] - [2020-10-03]
2020-10-04 18:46:05.785 DEBUG 16052 --- [http-nio-8090-exec-2] org.hibernate.SQL                        : 
    select
        listamenu0_.giorno_token_giorno as giorno_t7_1_0_,
        listamenu0_.token_menu as token_me1_1_0_,
        listamenu0_.token_menu as token_me1_1_1_,
        listamenu0_.contorno as contorno2_1_1_,
        listamenu0_.extra as extra3_1_1_,
        listamenu0_.giorno_token_giorno as giorno_t7_1_1_,
        listamenu0_.numero as numero4_1_1_,
        listamenu0_.note as note5_1_1_,
        listamenu0_.pasto as pasto6_1_1_ 
    from
        menu listamenu0_ 
    where
        listamenu0_.giorno_token_giorno=?
2020-10-04 18:46:05.788 TRACE 16052 --- [http-nio-8090-exec-2] o.h.type.descriptor.sql.BasicBinder      : binding parameter [1] as [INTEGER] - [24]
2020-10-04 18:46:07.792 DEBUG 16052 --- [http-nio-8090-exec-2] org.hibernate.SQL                        : 
    select
        prenota0_.menu_token_menu as menu_tok2_2_0_,
        prenota0_.token_prenotazione as token_pr1_2_0_,
        prenota0_.token_prenotazione as token_pr1_2_1_,
        prenota0_.menu_token_menu as menu_tok2_2_1_,
        prenota0_.utente_token_utente as utente_t3_2_1_ 
    from
        prenotazione prenota0_ 
    where
        prenota0_.menu_token_menu=?
2020-10-04 18:46:07.796 TRACE 16052 --- [http-nio-8090-exec-2] o.h.type.descriptor.sql.BasicBinder      : binding parameter [1] as [INTEGER] - [20]
2020-10-04 18:46:25.773  WARN 16052 --- [HikariPool-1 housekeeper] com.zaxxer.hikari.pool.HikariPool        : HikariPool-1 - Thread starvation or clock leap detected (housekeeper delta=47s54ms88µs900ns).
2020-10-04 18:46:25.821  INFO 16052 --- [http-nio-8090-exec-2] i.a.p.controller.GiornoController        : Utente:admin -->  Ho recuperato i giorni disponibli [Giorno{tokenGiorno=24, data=2020-10-06, listaMenu=[], prenotato=false}]
2020-10-04 18:48:24.401  INFO 16052 --- [SpringContextShutdownHook] j.LocalContainerEntityManagerFactoryBean : Closing JPA EntityManagerFactory for persistence unit 'default'
2020-10-04 18:48:24.403  INFO 16052 --- [SpringContextShutdownHook] o.s.s.concurrent.ThreadPoolTaskExecutor  : Shutting down ExecutorService 'applicationTaskExecutor'
2020-10-04 18:48:24.403  INFO 16052 --- [SpringContextShutdownHook] com.zaxxer.hikari.HikariDataSource       : HikariPool-1 - Shutdown initiated...
2020-10-04 18:48:24.414  INFO 16052 --- [SpringContextShutdownHook] com.zaxxer.hikari.HikariDataSource       : HikariPool-1 - Shutdown completed.
2020-10-04 18:48:55.835  INFO 7516 --- [main] i.a.p.PrenotaMensaApplication            : Starting PrenotaMensaApplication on alessior with PID 7516 (H:\Programmazione\prenotaMensa\prenotaMensa\target\classes started by Alessio in H:\Programmazione\prenotaMensa\prenotaMensa)
2020-10-04 18:48:55.839  INFO 7516 --- [main] i.a.p.PrenotaMensaApplication            : No active profile set, falling back to default profiles: default
2020-10-04 18:48:56.973  INFO 7516 --- [main] .s.d.r.c.RepositoryConfigurationDelegate : Bootstrapping Spring Data JPA repositories in DEFERRED mode.
2020-10-04 18:48:57.065  INFO 7516 --- [main] .s.d.r.c.RepositoryConfigurationDelegate : Finished Spring Data repository scanning in 80ms. Found 1 JPA repository interfaces.
2020-10-04 18:48:57.468  INFO 7516 --- [main] trationDelegate$BeanPostProcessorChecker : Bean 'org.springframework.security.access.expression.method.DefaultMethodSecurityExpressionHandler@4339baec' of type [org.springframework.security.access.expression.method.DefaultMethodSecurityExpressionHandler] is not eligible for getting processed by all BeanPostProcessors (for example: not eligible for auto-proxying)
2020-10-04 18:48:57.473  INFO 7516 --- [main] trationDelegate$BeanPostProcessorChecker : Bean 'methodSecurityMetadataSource' of type [org.springframework.security.access.method.DelegatingMethodSecurityMetadataSource] is not eligible for getting processed by all BeanPostProcessors (for example: not eligible for auto-proxying)
2020-10-04 18:48:57.765  INFO 7516 --- [main] o.s.b.w.embedded.tomcat.TomcatWebServer  : Tomcat initialized with port(s): 8090 (http)
2020-10-04 18:48:57.775  INFO 7516 --- [main] o.apache.catalina.core.StandardService   : Starting service [Tomcat]
2020-10-04 18:48:57.775  INFO 7516 --- [main] org.apache.catalina.core.StandardEngine  : Starting Servlet engine: [Apache Tomcat/9.0.36]
2020-10-04 18:48:57.935  INFO 7516 --- [main] o.a.c.c.C.[Tomcat].[localhost].[/]       : Initializing Spring embedded WebApplicationContext
2020-10-04 18:48:57.935  INFO 7516 --- [main] w.s.c.ServletWebServerApplicationContext : Root WebApplicationContext: initialization completed in 2037 ms
2020-10-04 18:48:58.034  WARN 7516 --- [main] JpaBaseConfiguration$JpaWebConfiguration : spring.jpa.open-in-view is enabled by default. Therefore, database queries may be performed during view rendering. Explicitly configure spring.jpa.open-in-view to disable this warning
2020-10-04 18:48:58.174  INFO 7516 --- [main] o.s.s.concurrent.ThreadPoolTaskExecutor  : Initializing ExecutorService 'applicationTaskExecutor'
2020-10-04 18:48:58.186  INFO 7516 --- [main] com.zaxxer.hikari.HikariDataSource       : HikariPool-1 - Starting...
2020-10-04 18:48:58.326  INFO 7516 --- [main] com.zaxxer.hikari.HikariDataSource       : HikariPool-1 - Start completed.
2020-10-04 18:48:58.386  INFO 7516 --- [task-1] o.hibernate.jpa.internal.util.LogHelper  : HHH000204: Processing PersistenceUnitInfo [name: default]
2020-10-04 18:48:58.442  INFO 7516 --- [task-1] org.hibernate.Version                    : HHH000412: Hibernate ORM core version 5.4.17.Final
2020-10-04 18:48:58.599  INFO 7516 --- [task-1] o.hibernate.annotations.common.Version   : HCANN000001: Hibernate Commons Annotations {5.1.0.Final}
2020-10-04 18:48:58.788  INFO 7516 --- [task-1] org.hibernate.dialect.Dialect            : HHH000400: Using dialect: org.hibernate.dialect.MySQL8Dialect
2020-10-04 18:48:58.840  INFO 7516 --- [main] o.s.s.web.DefaultSecurityFilterChain     : Creating filter chain: Ant [pattern='/api/auth/**', POST], []
2020-10-04 18:48:58.840  INFO 7516 --- [main] o.s.s.web.DefaultSecurityFilterChain     : Creating filter chain: Ant [pattern='/**', OPTIONS], []
2020-10-04 18:48:58.840  INFO 7516 --- [main] o.s.s.web.DefaultSecurityFilterChain     : Creating filter chain: Ant [pattern='/', GET], []
2020-10-04 18:48:59.151  INFO 7516 --- [main] o.s.s.web.DefaultSecurityFilterChain     : Creating filter chain: any request, [org.springframework.security.web.context.request.async.WebAsyncManagerIntegrationFilter@21dea711, org.springframework.security.web.context.SecurityContextPersistenceFilter@2ee4706d, org.springframework.security.web.header.HeaderWriterFilter@497ed877, org.springframework.web.filter.CorsFilter@7772d266, org.springframework.security.web.authentication.logout.LogoutFilter@3ab595c8, it.alessiorossato.prenotaMensa.security.jwt.AuthTokenFilter@6c33da7a, org.springframework.security.web.savedrequest.RequestCacheAwareFilter@64279ab, org.springframework.security.web.servletapi.SecurityContextHolderAwareRequestFilter@48e41b5d, org.springframework.security.web.authentication.AnonymousAuthenticationFilter@a21c74, org.springframework.security.web.session.SessionManagementFilter@29c53c4f, org.springframework.security.web.access.ExceptionTranslationFilter@69a5c6be, org.springframework.security.web.access.intercept.FilterSecurityInterceptor@733f1395]
2020-10-04 18:48:59.468  INFO 7516 --- [main] o.s.b.w.embedded.tomcat.TomcatWebServer  : Tomcat started on port(s): 8090 (http) with context path ''
2020-10-04 18:48:59.470  INFO 7516 --- [main] DeferredRepositoryInitializationListener : Triggering deferred initialization of Spring Data repositories…
2020-10-04 18:48:59.792  INFO 7516 --- [task-1] o.h.e.t.j.p.i.JtaPlatformInitiator       : HHH000490: Using JtaPlatform implementation: [org.hibernate.engine.transaction.jta.platform.internal.NoJtaPlatform]
2020-10-04 18:48:59.800  INFO 7516 --- [task-1] j.LocalContainerEntityManagerFactoryBean : Initialized JPA EntityManagerFactory for persistence unit 'default'
2020-10-04 18:49:00.140  INFO 7516 --- [main] DeferredRepositoryInitializationListener : Spring Data repositories initialized!
2020-10-04 18:49:00.152  INFO 7516 --- [main] i.a.p.PrenotaMensaApplication            : Started PrenotaMensaApplication in 4.759 seconds (JVM running for 6.256)
2020-10-04 18:49:04.386  INFO 7516 --- [http-nio-8090-exec-1] o.a.c.c.C.[Tomcat].[localhost].[/]       : Initializing Spring DispatcherServlet 'dispatcherServlet'
2020-10-04 18:49:04.387  INFO 7516 --- [http-nio-8090-exec-1] o.s.web.servlet.DispatcherServlet        : Initializing Servlet 'dispatcherServlet'
2020-10-04 18:49:04.394  INFO 7516 --- [http-nio-8090-exec-1] o.s.web.servlet.DispatcherServlet        : Completed initialization in 7 ms
2020-10-04 18:49:04.427  WARN 7516 --- [http-nio-8090-exec-1] i.a.p.security.jwt.AuthTokenFilter       : Token: Bearer eyJhbGciOiJIUzUxMiJ9.eyJzdWIiOiJhZG1pbiIsImV4cCI6MTYwMTkxNDkzNiwiaWF0IjoxNjAxODI4NTM2LCJhdXRob3JpdGllcyI6WyJST0xFX0FETUlOIl19.le29dnW1lM3C9JNqx-0xUtdT0u--oOrR6lsCMzuWSBm3pVg0G6tfsfDofVOZ9QmhyHcUXLu4TETb9g7f8O_5LQ
2020-10-04 18:49:04.618 DEBUG 7516 --- [http-nio-8090-exec-1] org.hibernate.SQL                        : 
    select
        utente0_.token_utente as token_ut1_4_,
        utente0_.cognome as cognome2_4_,
        utente0_.enable as enable3_4_,
        utente0_.nome as nome4_4_,
        utente0_.password as password5_4_,
        utente0_.token_ruolo as token_ru7_4_,
        utente0_.username as username6_4_ 
    from
        utente utente0_ 
    where
        utente0_.username=?
2020-10-04 18:49:04.624 TRACE 7516 --- [http-nio-8090-exec-1] o.h.type.descriptor.sql.BasicBinder      : binding parameter [1] as [VARCHAR] - [admin]
2020-10-04 18:49:04.656 DEBUG 7516 --- [http-nio-8090-exec-1] org.hibernate.SQL                        : 
    select
        ruolo0_.token_ruolo as token_ru1_3_0_,
        ruolo0_.nome as nome2_3_0_ 
    from
        ruolo ruolo0_ 
    where
        ruolo0_.token_ruolo=?
2020-10-04 18:49:04.657 TRACE 7516 --- [http-nio-8090-exec-1] o.h.type.descriptor.sql.BasicBinder      : binding parameter [1] as [INTEGER] - [1]
2020-10-04 18:49:08.062  INFO 7516 --- [http-nio-8090-exec-1] i.a.p.controller.GiornoController        : Utente:admin -->  Richiesta giorni prenotabili
2020-10-04 18:49:09.122 DEBUG 7516 --- [http-nio-8090-exec-1] org.hibernate.SQL                        : 
    select
        giorno0_.token_giorno as token_gi1_0_,
        giorno0_.data as data2_0_ 
    from
        giorno giorno0_ 
    where
        giorno0_.data>=?
2020-10-04 18:49:09.127 TRACE 7516 --- [http-nio-8090-exec-1] o.h.type.descriptor.sql.BasicBinder      : binding parameter [1] as [DATE] - [2020-10-03]
2020-10-04 18:49:12.069 DEBUG 7516 --- [http-nio-8090-exec-1] org.hibernate.SQL                        : 
    select
        listamenu0_.giorno_token_giorno as giorno_t7_1_0_,
        listamenu0_.token_menu as token_me1_1_0_,
        listamenu0_.token_menu as token_me1_1_1_,
        listamenu0_.contorno as contorno2_1_1_,
        listamenu0_.extra as extra3_1_1_,
        listamenu0_.giorno_token_giorno as giorno_t7_1_1_,
        listamenu0_.numero as numero4_1_1_,
        listamenu0_.note as note5_1_1_,
        listamenu0_.pasto as pasto6_1_1_ 
    from
        menu listamenu0_ 
    where
        listamenu0_.giorno_token_giorno=?
2020-10-04 18:49:12.074 TRACE 7516 --- [http-nio-8090-exec-1] o.h.type.descriptor.sql.BasicBinder      : binding parameter [1] as [INTEGER] - [24]
2020-10-04 18:49:13.916 DEBUG 7516 --- [http-nio-8090-exec-1] org.hibernate.SQL                        : 
    select
        prenota0_.menu_token_menu as menu_tok2_2_0_,
        prenota0_.token_prenotazione as token_pr1_2_0_,
        prenota0_.token_prenotazione as token_pr1_2_1_,
        prenota0_.menu_token_menu as menu_tok2_2_1_,
        prenota0_.utente_token_utente as utente_t3_2_1_ 
    from
        prenotazione prenota0_ 
    where
        prenota0_.menu_token_menu=?
2020-10-04 18:49:13.925 TRACE 7516 --- [http-nio-8090-exec-1] o.h.type.descriptor.sql.BasicBinder      : binding parameter [1] as [INTEGER] - [20]
2020-10-04 18:49:17.338  INFO 7516 --- [http-nio-8090-exec-1] i.a.p.controller.GiornoController        : Utente:admin -->  Ho recuperato i giorni disponibli [Giorno{tokenGiorno=24, data=2020-10-06, listaMenu=[], prenotato=false}]
2020-10-04 18:49:23.183  WARN 7516 --- [http-nio-8090-exec-2] i.a.p.security.jwt.AuthTokenFilter       : Token: Bearer eyJhbGciOiJIUzUxMiJ9.eyJzdWIiOiJhZG1pbiIsImV4cCI6MTYwMTkxNDkzNiwiaWF0IjoxNjAxODI4NTM2LCJhdXRob3JpdGllcyI6WyJST0xFX0FETUlOIl19.le29dnW1lM3C9JNqx-0xUtdT0u--oOrR6lsCMzuWSBm3pVg0G6tfsfDofVOZ9QmhyHcUXLu4TETb9g7f8O_5LQ
2020-10-04 18:49:23.187 DEBUG 7516 --- [http-nio-8090-exec-2] org.hibernate.SQL                        : 
    select
        utente0_.token_utente as token_ut1_4_,
        utente0_.cognome as cognome2_4_,
        utente0_.enable as enable3_4_,
        utente0_.nome as nome4_4_,
        utente0_.password as password5_4_,
        utente0_.token_ruolo as token_ru7_4_,
        utente0_.username as username6_4_ 
    from
        utente utente0_ 
    where
        utente0_.username=?
2020-10-04 18:49:23.188 TRACE 7516 --- [http-nio-8090-exec-2] o.h.type.descriptor.sql.BasicBinder      : binding parameter [1] as [VARCHAR] - [admin]
2020-10-04 18:49:23.190 DEBUG 7516 --- [http-nio-8090-exec-2] org.hibernate.SQL                        : 
    select
        ruolo0_.token_ruolo as token_ru1_3_0_,
        ruolo0_.nome as nome2_3_0_ 
    from
        ruolo ruolo0_ 
    where
        ruolo0_.token_ruolo=?
2020-10-04 18:49:23.191 TRACE 7516 --- [http-nio-8090-exec-2] o.h.type.descriptor.sql.BasicBinder      : binding parameter [1] as [INTEGER] - [1]
2020-10-04 18:49:25.474  INFO 7516 --- [http-nio-8090-exec-2] i.a.p.controller.GiornoController        : Utente:admin -->  Richiesta giorni prenotabili
2020-10-04 18:49:26.154 DEBUG 7516 --- [http-nio-8090-exec-2] org.hibernate.SQL                        : 
    select
        giorno0_.token_giorno as token_gi1_0_,
        giorno0_.data as data2_0_ 
    from
        giorno giorno0_ 
    where
        giorno0_.data>=?
2020-10-04 18:49:26.156 TRACE 7516 --- [http-nio-8090-exec-2] o.h.type.descriptor.sql.BasicBinder      : binding parameter [1] as [DATE] - [2020-10-03]
2020-10-04 18:49:28.935 DEBUG 7516 --- [http-nio-8090-exec-2] org.hibernate.SQL                        : 
    select
        listamenu0_.giorno_token_giorno as giorno_t7_1_0_,
        listamenu0_.token_menu as token_me1_1_0_,
        listamenu0_.token_menu as token_me1_1_1_,
        listamenu0_.contorno as contorno2_1_1_,
        listamenu0_.extra as extra3_1_1_,
        listamenu0_.giorno_token_giorno as giorno_t7_1_1_,
        listamenu0_.numero as numero4_1_1_,
        listamenu0_.note as note5_1_1_,
        listamenu0_.pasto as pasto6_1_1_ 
    from
        menu listamenu0_ 
    where
        listamenu0_.giorno_token_giorno=?
2020-10-04 18:49:28.939 TRACE 7516 --- [http-nio-8090-exec-2] o.h.type.descriptor.sql.BasicBinder      : binding parameter [1] as [INTEGER] - [24]
2020-10-04 18:49:53.721  WARN 7516 --- [HikariPool-1 housekeeper] com.zaxxer.hikari.pool.HikariPool        : HikariPool-1 - Thread starvation or clock leap detected (housekeeper delta=55s293ms986µs800ns).
2020-10-04 18:49:53.719  INFO 7516 --- [http-nio-8090-exec-2] i.a.p.controller.GiornoController        : Utente:admin -->  Ho recuperato i giorni disponibli [Giorno{tokenGiorno=24, data=2020-10-06, listaMenu=[], prenotato=false}]
